2017-01-16 20:21:03 INFO  - SCENARIO: Create a Task. MESSAGE: starting scenario.
2017-01-16 20:21:03 INFO  - STEP: I am on Pivotal Tracker page. MESSAGE: Going to pivotal tracker page.
2017-01-16 20:21:11 INFO  - STEP: I put a at-02@outlook.com and press Next button. MESSAGE: Inserting username.
2017-01-16 20:21:12 INFO  - STEP: I put a Automation123 and press Submit button. MESSAGE: Inserting password and pressing submit button.
2017-01-16 20:21:15 INFO  - STEP: I create a project as a TestProject. MESSAGE: Pressing create project button and setting the project name.
2017-01-16 20:21:16 INFO  - STEP: I select an account as a Jala. MESSAGE: Selecting an account.
2017-01-16 20:21:16 INFO  - STEP: I create a story as a StoryTest. MESSAGE: Creating an user story.
2017-01-16 20:21:23 INFO  - STEP: I add a task as a TestTask. MESSAGE: Creating an user story.
2017-01-16 20:21:23 INFO  - STEP: A task named TestTask should be created. MESSAGE: Verifying the creation of task.
2017-01-16 20:21:23 INFO  - STEP: Deleting project by API. MESSAGE: Deleting the project.
2017-01-16 20:21:32 INFO  - STEP: Logout of the account. MESSAGE: Quiting of the account.
2017-01-16 20:21:32 INFO  - STEP: Go to the login page. MESSAGE: Going to the login page.
2017-01-16 20:21:34 INFO  - SCENARIO: Update name a Task. MESSAGE: starting scenario.
2017-01-16 20:21:34 INFO  - STEP: I am on Pivotal Tracker page. MESSAGE: Going to pivotal tracker page.
2017-01-16 20:21:34 INFO  - STEP: I put a at-02@outlook.com and press Next button. MESSAGE: Inserting username.
2017-01-16 20:21:35 INFO  - STEP: I put a Automation123 and press Submit button. MESSAGE: Inserting password and pressing submit button.
2017-01-16 20:21:35 INFO  - STEP: I create a project as a TestProject. MESSAGE: Pressing create project button and setting the project name.
2017-01-16 20:21:37 INFO  - STEP: I select an account as a Jala. MESSAGE: Selecting an account.
2017-01-16 20:21:37 INFO  - STEP: I create a story as a StoryTest. MESSAGE: Creating an user story.
2017-01-16 20:21:42 INFO  - STEP: I have a task taskOne and taskTwo created. MESSAGE: Creating two tasks..
2017-01-16 20:21:42 INFO  - STEP: I change the name of taskTwo for TestTaskUpdated. MESSAGE: Changing the name of a task.
2017-01-16 20:21:43 INFO  - STEP: The task should be change to TestTaskUpdated. MESSAGE: Verifying the changed name of a task.
2017-01-16 20:21:43 INFO  - STEP: Deleting project by API. MESSAGE: Deleting the project.
2017-01-16 20:21:49 INFO  - STEP: Logout of the account. MESSAGE: Quiting of the account.
2017-01-16 20:21:49 INFO  - STEP: Go to the login page. MESSAGE: Going to the login page.
2017-01-16 20:21:52 INFO  - SCENARIO: Create multiple Tasks with the same name. MESSAGE: starting scenario.
2017-01-16 20:21:52 INFO  - STEP: I am on Pivotal Tracker page. MESSAGE: Going to pivotal tracker page.
2017-01-16 20:21:52 INFO  - STEP: I put a at-02@outlook.com and press Next button. MESSAGE: Inserting username.
2017-01-16 20:21:53 INFO  - STEP: I put a Automation123 and press Submit button. MESSAGE: Inserting password and pressing submit button.
2017-01-16 20:21:54 INFO  - STEP: I create a project as a TestProject. MESSAGE: Pressing create project button and setting the project name.
2017-01-16 20:21:54 INFO  - STEP: I select an account as a Jala. MESSAGE: Selecting an account.
2017-01-16 20:21:54 INFO  - STEP: I create a story as a StoryTest. MESSAGE: Creating an user story.
2017-01-16 20:21:59 INFO  - STEP: I add multiple tasks with the same name as TaskTest. MESSAGE: Creating multiple tasks.
2017-01-16 20:22:00 INFO  - STEP: I click on save story with tasks. MESSAGE: Saving tasks.
2017-01-16 20:22:00 INFO  - STEP: I should have created 5tasks with the same name as TaskTest. MESSAGE: Verifying tasks created.
2017-01-16 20:22:00 INFO  - STEP: Deleting project by API. MESSAGE: Deleting the project.
2017-01-16 20:22:06 INFO  - STEP: Logout of the account. MESSAGE: Quiting of the account.
2017-01-16 20:22:06 INFO  - STEP: Go to the login page. MESSAGE: Going to the login page.
2017-01-16 20:22:08 INFO  - SCENARIO: Delete a Task. MESSAGE: starting scenario.
2017-01-16 20:22:08 INFO  - STEP: I am on Pivotal Tracker page. MESSAGE: Going to pivotal tracker page.
2017-01-16 20:22:08 INFO  - STEP: I put a at-02@outlook.com and press Next button. MESSAGE: Inserting username.
2017-01-16 20:22:09 INFO  - STEP: I put a Automation123 and press Submit button. MESSAGE: Inserting password and pressing submit button.
2017-01-16 20:22:10 INFO  - STEP: I create a project as a TestProject. MESSAGE: Pressing create project button and setting the project name.
2017-01-16 20:22:11 INFO  - STEP: I select an account as a Jala. MESSAGE: Selecting an account.
2017-01-16 20:22:11 INFO  - STEP: I create a story as a StoryTest. MESSAGE: Creating an user story.
2017-01-16 20:22:16 INFO  - STEP: I have a task taskOne and taskTwo created. MESSAGE: Creating two tasks..
2017-01-16 20:22:16 INFO  - STEP: I delete taskOne. MESSAGE: Deleting a task.
2017-01-16 20:22:16 INFO  - STEP: taskOne should be deleted. MESSAGE: Verifying deleted task.
2017-01-16 20:22:17 INFO  - STEP: Deleting project by API. MESSAGE: Deleting the project.
2017-01-16 20:22:23 INFO  - STEP: Logout of the account. MESSAGE: Quiting of the account.
2017-01-16 20:22:23 INFO  - STEP: Go to the login page. MESSAGE: Going to the login page.
2017-01-16 20:22:26 INFO  - SCENARIO: Create task without name. MESSAGE: starting scenario.
2017-01-16 20:22:26 INFO  - STEP: I am on Pivotal Tracker page. MESSAGE: Going to pivotal tracker page.
2017-01-16 20:22:26 INFO  - STEP: I put a at-02@outlook.com and press Next button. MESSAGE: Inserting username.
2017-01-16 20:22:27 INFO  - STEP: I put a Automation123 and press Submit button. MESSAGE: Inserting password and pressing submit button.
2017-01-16 20:22:28 INFO  - STEP: I create a project as a TestProject. MESSAGE: Pressing create project button and setting the project name.
2017-01-16 20:22:28 INFO  - STEP: I select an account as a Jala. MESSAGE: Selecting an account.
2017-01-16 20:22:29 INFO  - STEP: I create a story as a StoryTest. MESSAGE: Creating an user story.
2017-01-16 20:22:33 INFO  - STEP: I press add new task without name. MESSAGE: Pressing add new task button.
2017-01-16 20:22:33 INFO  - STEP: I expect an alert message. MESSAGE: Verifying alert message.
2017-01-16 20:22:34 INFO  - STEP: Deleting project by API. MESSAGE: Deleting the project.
2017-01-16 20:22:39 INFO  - STEP: Logout of the account. MESSAGE: Quiting of the account.
2017-01-16 20:22:39 INFO  - STEP: Go to the login page. MESSAGE: Going to the login page.
2017-01-16 20:26:49 INFO  - SCENARIO: Sign-in to Pivotal Tracker with valid username and password.. MESSAGE: starting scenario.
2017-01-16 20:26:49 INFO  - STEP: I am on Pivotal Tracker page. MESSAGE: Going to pivotal tracker page.
2017-01-16 20:27:00 INFO  - STEP: I put a at-02@outlook.com and press Next button. MESSAGE: Inserting username.
2017-01-16 20:27:02 INFO  - STEP: I put a Automation123 and press Submit button. MESSAGE: Inserting password and pressing submit button.
2017-01-16 20:27:04 INFO  - STEP: Deleting project by API. MESSAGE: Deleting the project.
2017-01-16 20:27:10 INFO  - STEP: Logout of the account. MESSAGE: Quiting of the account.
2017-01-16 20:27:10 INFO  - SCENARIO: Create a Task. MESSAGE: starting scenario.
2017-01-16 20:27:10 INFO  - STEP: I am on Pivotal Tracker page. MESSAGE: Going to pivotal tracker page.
2017-01-16 20:27:10 INFO  - STEP: I put a at-02@outlook.com and press Next button. MESSAGE: Inserting username.
2017-01-16 20:27:24 INFO  - STEP: Deleting project by API. MESSAGE: Deleting the project.
2017-01-16 20:27:26 INFO  - STEP: Logout of the account. MESSAGE: Quiting of the account.
2017-01-16 20:34:52 INFO  - SCENARIO: Sign-in to Pivotal Tracker with valid username and password.. MESSAGE: starting scenario.
2017-01-16 20:34:52 INFO  - STEP: I am on Pivotal Tracker page. MESSAGE: Going to pivotal tracker page.
2017-01-16 20:34:59 INFO  - STEP: I put a at-02@outlook.com and press Next button. MESSAGE: Inserting username.
2017-01-16 20:35:01 INFO  - STEP: I put a Automation123 and press Submit button. MESSAGE: Inserting password and pressing submit button.
2017-01-16 20:35:04 INFO  - STEP: I should see Pivotal Tracker page. MESSAGE: Pivotal tracker Title.
2017-01-16 20:35:04 INFO  - STEP: Deleting project by API. MESSAGE: Deleting the project.
2017-01-16 20:35:09 INFO  - STEP: Logout of the account. MESSAGE: Quiting of the account.
2017-01-16 20:35:09 INFO  - SCENARIO: Create a Task. MESSAGE: starting scenario.
2017-01-16 20:35:09 INFO  - STEP: I am on Pivotal Tracker page. MESSAGE: Going to pivotal tracker page.
2017-01-16 20:35:09 INFO  - STEP: I put a at-02@outlook.com and press Next button. MESSAGE: Inserting username.
2017-01-16 20:35:23 INFO  - STEP: Deleting project by API. MESSAGE: Deleting the project.
2017-01-16 20:35:26 INFO  - STEP: Logout of the account. MESSAGE: Quiting of the account.
2017-01-16 20:36:36 INFO  - SCENARIO: Sign-in to Pivotal Tracker with valid username and password.. MESSAGE: starting scenario.
2017-01-16 20:36:36 INFO  - STEP: I am on Pivotal Tracker page. MESSAGE: Going to pivotal tracker page.
2017-01-16 20:36:43 INFO  - STEP: I put a at-02@outlook.com and press Next button. MESSAGE: Inserting username.
2017-01-16 20:36:43 INFO  - STEP: I put a Automation123 and press Submit button. MESSAGE: Inserting password and pressing submit button.
2017-01-16 20:36:47 INFO  - STEP: I should see Pivotal Tracker page. MESSAGE: Pivotal tracker Title.
2017-01-16 20:36:48 INFO  - STEP: Deleting project by API. MESSAGE: Deleting the project.
2017-01-16 20:36:53 INFO  - STEP: Logout of the account. MESSAGE: Quiting of the account.
2017-01-16 20:36:53 INFO  - SCENARIO: Create a Task. MESSAGE: starting scenario.
2017-01-16 20:36:53 INFO  - STEP: I am on Pivotal Tracker page. MESSAGE: Going to pivotal tracker page.
2017-01-16 20:36:53 INFO  - STEP: I put a at-02@outlook.com and press Next button. MESSAGE: Inserting username.
2017-01-16 20:37:07 INFO  - STEP: Deleting project by API. MESSAGE: Deleting the project.
2017-01-16 20:37:11 INFO  - STEP: Logout of the account. MESSAGE: Quiting of the account.
2017-01-16 20:38:59 INFO  - SCENARIO: Sign-in to Pivotal Tracker with valid username and password.. MESSAGE: starting scenario.
2017-01-16 20:38:59 INFO  - STEP: I am on Pivotal Tracker page. MESSAGE: Going to pivotal tracker page.
2017-01-16 20:39:06 INFO  - STEP: I put a at-02@outlook.com and press Next button. MESSAGE: Inserting username.
2017-01-16 20:39:07 INFO  - STEP: I put a Automation123 and press Submit button. MESSAGE: Inserting password and pressing submit button.
2017-01-16 20:39:10 INFO  - STEP: I should see Pivotal Tracker page. MESSAGE: Pivotal tracker Title.
2017-01-16 20:39:10 INFO  - STEP: Deleting project by API. MESSAGE: Deleting the project.
2017-01-16 20:39:15 INFO  - STEP: Logout of the account. MESSAGE: Quiting of the account.
2017-01-16 20:39:15 INFO  - SCENARIO: Create a Task. MESSAGE: starting scenario.
2017-01-16 20:39:15 INFO  - STEP: I am on Pivotal Tracker page. MESSAGE: Going to pivotal tracker page.
2017-01-16 20:39:15 INFO  - STEP: I put a at-02@outlook.com and press Next button. MESSAGE: Inserting username.
2017-01-16 20:39:29 INFO  - STEP: Deleting project by API. MESSAGE: Deleting the project.
2017-01-16 20:39:32 INFO  - STEP: Logout of the account. MESSAGE: Quiting of the account.
2017-01-16 20:40:36 INFO  - SCENARIO: Sign-in to Pivotal Tracker with valid username and password.. MESSAGE: starting scenario.
2017-01-16 20:40:36 INFO  - STEP: I am on Pivotal Tracker page. MESSAGE: Going to pivotal tracker page.
2017-01-16 20:40:44 INFO  - STEP: I put a at-02@outlook.com and press Next button. MESSAGE: Inserting username.
2017-01-16 20:40:46 INFO  - STEP: I put a Automation123 and press Submit button. MESSAGE: Inserting password and pressing submit button.
2017-01-16 20:40:50 INFO  - STEP: I should see Pivotal Tracker page. MESSAGE: Pivotal tracker Title.
2017-01-16 20:40:50 INFO  - STEP: Deleting project by API. MESSAGE: Deleting the project.
2017-01-16 20:40:55 INFO  - STEP: Logout of the account. MESSAGE: Quiting of the account.
2017-01-16 20:40:55 INFO  - SCENARIO: Create a Task. MESSAGE: starting scenario.
2017-01-16 20:40:55 INFO  - STEP: I am on Pivotal Tracker page. MESSAGE: Going to pivotal tracker page.
2017-01-16 20:40:55 INFO  - STEP: I put a at-02@outlook.com and press Next button. MESSAGE: Inserting username.
2017-01-16 20:41:09 INFO  - STEP: Deleting project by API. MESSAGE: Deleting the project.
2017-01-16 20:45:29 INFO  - SCENARIO: Sign-in to Pivotal Tracker with valid username and password.. MESSAGE: starting scenario.
2017-01-16 20:45:29 INFO  - STEP: I am on Pivotal Tracker page. MESSAGE: Going to pivotal tracker page.
2017-01-16 20:45:35 INFO  - STEP: I put a at-02@outlook.com and press Next button. MESSAGE: Inserting username.
2017-01-16 20:45:35 INFO  - STEP: I put a Automation123 and press Submit button. MESSAGE: Inserting password and pressing submit button.
2017-01-16 20:45:40 INFO  - STEP: I should see Pivotal Tracker page. MESSAGE: Pivotal tracker Title.
2017-01-16 20:45:40 INFO  - STEP: Deleting project by API. MESSAGE: Deleting the project.
2017-01-16 20:45:45 INFO  - STEP: Logout of the account. MESSAGE: Quiting of the account.
2017-01-16 20:45:45 INFO  - SCENARIO: Create a Task. MESSAGE: starting scenario.
2017-01-16 20:45:45 INFO  - STEP: I am on Pivotal Tracker page. MESSAGE: Going to pivotal tracker page.
2017-01-16 20:45:45 INFO  - STEP: I put a at-02@outlook.com and press Next button. MESSAGE: Inserting username.
2017-01-16 20:45:59 INFO  - STEP: Deleting project by API. MESSAGE: Deleting the project.
2017-01-16 20:46:02 INFO  - STEP: Logout of the account. MESSAGE: Quiting of the account.
2017-01-16 20:48:30 INFO  - SCENARIO: Sign-in to Pivotal Tracker with valid username and password.. MESSAGE: starting scenario.
2017-01-16 20:48:30 INFO  - STEP: I am on Pivotal Tracker page. MESSAGE: Going to pivotal tracker page.
2017-01-16 20:48:37 INFO  - STEP: I put a at-02@outlook.com and press Next button. MESSAGE: Inserting username.
2017-01-16 20:48:39 INFO  - STEP: I put a Automation123 and press Submit button. MESSAGE: Inserting password and pressing submit button.
2017-01-16 20:48:42 INFO  - STEP: I should see Pivotal Tracker page. MESSAGE: Pivotal tracker Title.
2017-01-16 20:48:42 INFO  - STEP: Deleting project by API. MESSAGE: Deleting the project.
2017-01-16 20:48:47 INFO  - STEP: Logout of the account. MESSAGE: Quiting of the account.
2017-01-16 20:48:47 INFO  - SCENARIO: Create a Task. MESSAGE: starting scenario.
2017-01-16 20:48:47 INFO  - STEP: I am on Pivotal Tracker page. MESSAGE: Going to pivotal tracker page.
2017-01-16 20:48:47 INFO  - STEP: I put a at-02@outlook.com and press Next button. MESSAGE: Inserting username.
2017-01-16 20:49:01 INFO  - STEP: Deleting project by API. MESSAGE: Deleting the project.
2017-01-16 20:49:03 INFO  - STEP: Logout of the account. MESSAGE: Quiting of the account.
2017-01-16 20:58:59 INFO  - SCENARIO: Sign-in to Pivotal Tracker with valid username and password.. MESSAGE: starting scenario.
2017-01-16 20:59:00 INFO  - STEP: I am on Pivotal Tracker page. MESSAGE: Going to pivotal tracker page.
2017-01-16 20:59:07 INFO  - STEP: I put a at-02@outlook.com and press Next button. MESSAGE: Inserting username.
2017-01-16 20:59:08 INFO  - STEP: I put a Automation123 and press Submit button. MESSAGE: Inserting password and pressing submit button.
2017-01-16 20:59:11 INFO  - STEP: I should see Pivotal Tracker page. MESSAGE: Pivotal tracker Title.
2017-01-16 20:59:11 INFO  - STEP: Deleting project by API. MESSAGE: Deleting the project.
2017-01-16 20:59:17 INFO  - STEP: Logout of the account. MESSAGE: Quiting of the account.
2017-01-16 20:59:17 INFO  - SCENARIO: Create a Task. MESSAGE: starting scenario.
2017-01-16 20:59:17 INFO  - STEP: I am on Pivotal Tracker page. MESSAGE: Going to pivotal tracker page.
2017-01-16 20:59:17 INFO  - STEP: I put a at-02@outlook.com and press Next button. MESSAGE: Inserting username.
2017-01-16 20:59:31 INFO  - STEP: Deleting project by API. MESSAGE: Deleting the project.
2017-01-16 20:59:31 INFO  - SCENARIO: Update name a Task. MESSAGE: starting scenario.
2017-01-16 20:59:31 INFO  - STEP: I am on Pivotal Tracker page. MESSAGE: Going to pivotal tracker page.
2017-01-16 20:59:31 INFO  - STEP: I put a at-02@outlook.com and press Next button. MESSAGE: Inserting username.
2017-01-16 20:59:46 INFO  - STEP: Deleting project by API. MESSAGE: Deleting the project.
2017-01-16 20:59:46 INFO  - SCENARIO: Create multiple Tasks with the same name. MESSAGE: starting scenario.
2017-01-16 20:59:46 INFO  - STEP: I am on Pivotal Tracker page. MESSAGE: Going to pivotal tracker page.
2017-01-16 20:59:46 INFO  - STEP: I put a at-02@outlook.com and press Next button. MESSAGE: Inserting username.
2017-01-16 21:00:00 INFO  - STEP: Deleting project by API. MESSAGE: Deleting the project.
2017-01-16 21:00:00 INFO  - SCENARIO: Delete a Task. MESSAGE: starting scenario.
2017-01-16 21:00:00 INFO  - STEP: I am on Pivotal Tracker page. MESSAGE: Going to pivotal tracker page.
2017-01-16 21:00:00 INFO  - STEP: I put a at-02@outlook.com and press Next button. MESSAGE: Inserting username.
2017-01-16 21:00:14 INFO  - STEP: Deleting project by API. MESSAGE: Deleting the project.
2017-01-16 21:00:14 INFO  - SCENARIO: Create task without name. MESSAGE: starting scenario.
2017-01-16 21:00:14 INFO  - STEP: I am on Pivotal Tracker page. MESSAGE: Going to pivotal tracker page.
2017-01-16 21:00:14 INFO  - STEP: I put a at-02@outlook.com and press Next button. MESSAGE: Inserting username.
2017-01-16 21:00:28 INFO  - STEP: Deleting project by API. MESSAGE: Deleting the project.
2017-01-16 21:02:36 INFO  - SCENARIO: Create a Task. MESSAGE: starting scenario.
2017-01-16 21:02:36 INFO  - STEP: I am on Pivotal Tracker page. MESSAGE: Going to pivotal tracker page.
2017-01-16 21:02:44 INFO  - STEP: I put a at-02@outlook.com and press Next button. MESSAGE: Inserting username.
2017-01-16 21:02:45 INFO  - STEP: I put a Automation123 and press Submit button. MESSAGE: Inserting password and pressing submit button.
2017-01-16 21:02:49 INFO  - STEP: I create a project as a TestProject. MESSAGE: Pressing create project button and setting the project name.
2017-01-16 21:02:50 INFO  - STEP: I select an account as a Jala. MESSAGE: Selecting an account.
2017-01-16 21:02:50 INFO  - STEP: I create a story as a StoryTest. MESSAGE: Creating an user story.
2017-01-16 21:02:56 INFO  - STEP: I add a task as a TestTask. MESSAGE: Creating an user story.
2017-01-16 21:02:56 INFO  - STEP: A task named TestTask should be created. MESSAGE: Verifying the creation of task.
2017-01-16 21:02:57 INFO  - STEP: Deleting project by API. MESSAGE: Deleting the project.
2017-01-16 21:03:05 INFO  - STEP: Logout of the account. MESSAGE: Quiting of the account.
2017-01-16 21:03:05 INFO  - STEP: Go to the login page. MESSAGE: Going to the login page.
2017-01-16 21:03:09 INFO  - SCENARIO: Update name a Task. MESSAGE: starting scenario.
2017-01-16 21:03:09 INFO  - STEP: I am on Pivotal Tracker page. MESSAGE: Going to pivotal tracker page.
2017-01-16 21:03:09 INFO  - STEP: I put a at-02@outlook.com and press Next button. MESSAGE: Inserting username.
2017-01-16 21:03:09 INFO  - STEP: I put a Automation123 and press Submit button. MESSAGE: Inserting password and pressing submit button.
2017-01-16 21:03:11 INFO  - STEP: I create a project as a TestProject. MESSAGE: Pressing create project button and setting the project name.
2017-01-16 21:03:11 INFO  - STEP: I select an account as a Jala. MESSAGE: Selecting an account.
2017-01-16 21:03:11 INFO  - STEP: I create a story as a StoryTest. MESSAGE: Creating an user story.
2017-01-16 21:03:17 INFO  - STEP: I have a task taskOne and taskTwo created. MESSAGE: Creating two tasks..
2017-01-16 21:03:17 INFO  - STEP: I change the name of taskTwo for TestTaskUpdated. MESSAGE: Changing the name of a task.
2017-01-16 21:03:18 INFO  - STEP: The task should be change to TestTaskUpdated. MESSAGE: Verifying the changed name of a task.
2017-01-16 21:03:18 INFO  - STEP: Deleting project by API. MESSAGE: Deleting the project.
2017-01-16 21:03:24 INFO  - STEP: Logout of the account. MESSAGE: Quiting of the account.
2017-01-16 21:03:24 INFO  - STEP: Go to the login page. MESSAGE: Going to the login page.
2017-01-16 21:03:28 INFO  - SCENARIO: Create multiple Tasks with the same name. MESSAGE: starting scenario.
2017-01-16 21:03:28 INFO  - STEP: I am on Pivotal Tracker page. MESSAGE: Going to pivotal tracker page.
2017-01-16 21:03:28 INFO  - STEP: I put a at-02@outlook.com and press Next button. MESSAGE: Inserting username.
2017-01-16 21:03:28 INFO  - STEP: I put a Automation123 and press Submit button. MESSAGE: Inserting password and pressing submit button.
2017-01-16 21:03:30 INFO  - STEP: I create a project as a TestProject. MESSAGE: Pressing create project button and setting the project name.
2017-01-16 21:03:31 INFO  - STEP: I select an account as a Jala. MESSAGE: Selecting an account.
2017-01-16 21:03:31 INFO  - STEP: I create a story as a StoryTest. MESSAGE: Creating an user story.
2017-01-16 21:03:36 INFO  - STEP: I add multiple tasks with the same name as TaskTest. MESSAGE: Creating multiple tasks.
2017-01-16 21:03:37 INFO  - STEP: I click on save story with tasks. MESSAGE: Saving tasks.
2017-01-16 21:03:37 INFO  - STEP: I should have created 5tasks with the same name as TaskTest. MESSAGE: Verifying tasks created.
2017-01-16 21:03:37 INFO  - STEP: Deleting project by API. MESSAGE: Deleting the project.
2017-01-16 21:03:43 INFO  - STEP: Logout of the account. MESSAGE: Quiting of the account.
2017-01-16 21:03:46 INFO  - STEP: Go to the login page. MESSAGE: Going to the login page.
2017-01-16 21:03:46 INFO  - SCENARIO: Delete a Task. MESSAGE: starting scenario.
2017-01-16 21:03:46 INFO  - STEP: I am on Pivotal Tracker page. MESSAGE: Going to pivotal tracker page.
2017-01-16 21:03:46 INFO  - STEP: I put a at-02@outlook.com and press Next button. MESSAGE: Inserting username.
2017-01-16 21:03:47 INFO  - STEP: I put a Automation123 and press Submit button. MESSAGE: Inserting password and pressing submit button.
2017-01-16 21:03:49 INFO  - STEP: I create a project as a TestProject. MESSAGE: Pressing create project button and setting the project name.
2017-01-16 21:03:49 INFO  - STEP: I select an account as a Jala. MESSAGE: Selecting an account.
2017-01-16 21:03:49 INFO  - STEP: I create a story as a StoryTest. MESSAGE: Creating an user story.
2017-01-16 21:03:53 INFO  - STEP: I have a task taskOne and taskTwo created. MESSAGE: Creating two tasks..
2017-01-16 21:03:54 INFO  - STEP: I delete taskOne. MESSAGE: Deleting a task.
2017-01-16 21:03:54 INFO  - STEP: taskOne should be deleted. MESSAGE: Verifying deleted task.
2017-01-16 21:03:54 INFO  - STEP: Deleting project by API. MESSAGE: Deleting the project.
2017-01-16 21:04:00 INFO  - STEP: Logout of the account. MESSAGE: Quiting of the account.
2017-01-16 21:04:00 INFO  - STEP: Go to the login page. MESSAGE: Going to the login page.
2017-01-16 21:04:03 INFO  - SCENARIO: Create task without name. MESSAGE: starting scenario.
2017-01-16 21:04:03 INFO  - STEP: I am on Pivotal Tracker page. MESSAGE: Going to pivotal tracker page.
2017-01-16 21:04:03 INFO  - STEP: I put a at-02@outlook.com and press Next button. MESSAGE: Inserting username.
2017-01-16 21:04:05 INFO  - STEP: I put a Automation123 and press Submit button. MESSAGE: Inserting password and pressing submit button.
2017-01-16 21:04:06 INFO  - STEP: I create a project as a TestProject. MESSAGE: Pressing create project button and setting the project name.
2017-01-16 21:04:07 INFO  - STEP: I select an account as a Jala. MESSAGE: Selecting an account.
2017-01-16 21:04:07 INFO  - STEP: I create a story as a StoryTest. MESSAGE: Creating an user story.
2017-01-16 21:04:12 INFO  - STEP: I press add new task without name. MESSAGE: Pressing add new task button.
2017-01-16 21:04:12 INFO  - STEP: I expect an alert message. MESSAGE: Verifying alert message.
2017-01-16 21:04:12 INFO  - STEP: Deleting project by API. MESSAGE: Deleting the project.
2017-01-16 21:04:18 INFO  - STEP: Logout of the account. MESSAGE: Quiting of the account.
2017-01-16 21:04:18 INFO  - STEP: Go to the login page. MESSAGE: Going to the login page.
2017-01-17 09:00:35 INFO  - SCENARIO: Sign-in to Pivotal Tracker with valid username and password.. MESSAGE: starting scenario.
2017-01-17 09:00:48 INFO  - STEP: Deleting project by API. MESSAGE: Deleting the project.
2017-01-17 09:00:52 INFO  - SCENARIO: Create a Task. MESSAGE: starting scenario.
2017-01-17 09:00:52 INFO  - STEP: I am on Pivotal Tracker page. MESSAGE: Going to pivotal tracker page.
2017-01-17 09:00:52 INFO  - STEP: I put a at-02@outlook.com and press Next button. MESSAGE: Inserting username.
2017-01-17 09:01:06 INFO  - STEP: Deleting project by API. MESSAGE: Deleting the project.
2017-01-17 09:01:06 INFO  - SCENARIO: Update name a Task. MESSAGE: starting scenario.
2017-01-17 09:01:06 INFO  - STEP: I am on Pivotal Tracker page. MESSAGE: Going to pivotal tracker page.
2017-01-17 09:01:06 INFO  - STEP: I put a at-02@outlook.com and press Next button. MESSAGE: Inserting username.
2017-01-17 09:01:21 INFO  - STEP: Deleting project by API. MESSAGE: Deleting the project.
2017-01-17 09:01:21 INFO  - SCENARIO: Create multiple Tasks with the same name. MESSAGE: starting scenario.
2017-01-17 09:01:21 INFO  - STEP: I am on Pivotal Tracker page. MESSAGE: Going to pivotal tracker page.
2017-01-17 09:01:21 INFO  - STEP: I put a at-02@outlook.com and press Next button. MESSAGE: Inserting username.
2017-01-17 09:01:35 INFO  - STEP: Deleting project by API. MESSAGE: Deleting the project.
2017-01-17 09:01:35 INFO  - SCENARIO: Delete a Task. MESSAGE: starting scenario.
2017-01-17 09:01:35 INFO  - STEP: I am on Pivotal Tracker page. MESSAGE: Going to pivotal tracker page.
2017-01-17 09:01:35 INFO  - STEP: I put a at-02@outlook.com and press Next button. MESSAGE: Inserting username.
2017-01-17 09:01:49 INFO  - STEP: Deleting project by API. MESSAGE: Deleting the project.
2017-01-17 09:01:49 INFO  - SCENARIO: Create task without name. MESSAGE: starting scenario.
2017-01-17 09:01:49 INFO  - STEP: I am on Pivotal Tracker page. MESSAGE: Going to pivotal tracker page.
2017-01-17 09:01:49 INFO  - STEP: I put a at-02@outlook.com and press Next button. MESSAGE: Inserting username.
2017-01-17 09:02:03 INFO  - STEP: Deleting project by API. MESSAGE: Deleting the project.
2017-01-17 09:05:32 INFO  - SCENARIO: Create a Task. MESSAGE: starting scenario.
2017-01-17 09:05:33 INFO  - STEP: I am on Pivotal Tracker page. MESSAGE: Going to pivotal tracker page.
2017-01-17 09:05:43 INFO  - STEP: I put a at-02@outlook.com and press Next button. MESSAGE: Inserting username.
2017-01-17 09:05:44 INFO  - STEP: I put a Automation123 and press Submit button. MESSAGE: Inserting password and pressing submit button.
2017-01-17 09:05:45 INFO  - STEP: I create a project as a TestProject. MESSAGE: Pressing create project button and setting the project name.
2017-01-17 09:05:49 INFO  - STEP: I select an account as a Jala. MESSAGE: Selecting an account.
2017-01-17 09:05:50 INFO  - STEP: I create a story as a StoryTest. MESSAGE: Creating an user story.
2017-01-17 09:05:59 INFO  - STEP: I add a task as a TestTask. MESSAGE: Creating an user story.
2017-01-17 09:06:00 INFO  - STEP: A task named TestTask should be created. MESSAGE: Verifying the creation of task.
2017-01-17 09:06:00 INFO  - STEP: Deleting project by API. MESSAGE: Deleting the project.
2017-01-17 09:06:06 INFO  - STEP: Logout of the account. MESSAGE: Quiting of the account.
2017-01-17 09:06:06 INFO  - STEP: Go to the login page. MESSAGE: Going to the login page.
2017-01-17 09:06:08 INFO  - SCENARIO: Update name a Task. MESSAGE: starting scenario.
2017-01-17 09:06:08 INFO  - STEP: I am on Pivotal Tracker page. MESSAGE: Going to pivotal tracker page.
2017-01-17 09:06:08 INFO  - STEP: I put a at-02@outlook.com and press Next button. MESSAGE: Inserting username.
2017-01-17 09:06:22 INFO  - STEP: Deleting project by API. MESSAGE: Deleting the project.
2017-01-17 09:06:25 INFO  - STEP: Logout of the account. MESSAGE: Quiting of the account.
2017-01-17 09:06:25 INFO  - SCENARIO: Create multiple Tasks with the same name. MESSAGE: starting scenario.
2017-01-17 09:06:25 INFO  - STEP: I am on Pivotal Tracker page. MESSAGE: Going to pivotal tracker page.
2017-01-17 09:06:25 INFO  - STEP: I put a at-02@outlook.com and press Next button. MESSAGE: Inserting username.
2017-01-17 09:06:39 INFO  - STEP: Deleting project by API. MESSAGE: Deleting the project.
2017-01-17 09:06:41 INFO  - STEP: Logout of the account. MESSAGE: Quiting of the account.
2017-01-17 09:06:41 INFO  - SCENARIO: Delete a Task. MESSAGE: starting scenario.
2017-01-17 09:06:41 INFO  - STEP: I am on Pivotal Tracker page. MESSAGE: Going to pivotal tracker page.
2017-01-17 09:06:41 INFO  - STEP: I put a at-02@outlook.com and press Next button. MESSAGE: Inserting username.
2017-01-17 09:06:56 INFO  - STEP: Deleting project by API. MESSAGE: Deleting the project.
2017-01-17 09:06:58 INFO  - STEP: Logout of the account. MESSAGE: Quiting of the account.
2017-01-17 09:06:58 INFO  - SCENARIO: Create task without name. MESSAGE: starting scenario.
2017-01-17 09:06:58 INFO  - STEP: I am on Pivotal Tracker page. MESSAGE: Going to pivotal tracker page.
2017-01-17 09:06:58 INFO  - STEP: I put a at-02@outlook.com and press Next button. MESSAGE: Inserting username.
2017-01-17 09:07:12 INFO  - STEP: Deleting project by API. MESSAGE: Deleting the project.
2017-01-17 09:07:15 INFO  - STEP: Logout of the account. MESSAGE: Quiting of the account.
2017-01-17 15:33:33 INFO  - SCENARIO: Create a Task. MESSAGE: starting scenario.
2017-01-17 15:33:34 INFO  - STEP: I am on Pivotal Tracker page. MESSAGE: Going to pivotal tracker page.
2017-01-17 15:33:45 INFO  - STEP: I put a fernando.iquiza@fundacion-jala.org and press Next button. MESSAGE: Inserting username.
2017-01-17 15:33:45 INFO  - STEP: I put a MTat676435019 and press Submit button. MESSAGE: Inserting password and pressing submit button.
2017-01-17 15:33:47 INFO  - STEP: I create a project as a TestProject. MESSAGE: Pressing create project button and setting the project name.
2017-01-17 15:34:01 INFO  - STEP: Deleting project by API. MESSAGE: Deleting the project.
2017-01-17 15:34:07 INFO  - STEP: Logout of the account. MESSAGE: Quiting of the account.
2017-01-17 15:34:08 INFO  - STEP: Go to the login page. MESSAGE: Going to the login page.
2017-01-17 15:34:12 INFO  - SCENARIO: Update name a Task. MESSAGE: starting scenario.
2017-01-17 15:34:12 INFO  - STEP: I am on Pivotal Tracker page. MESSAGE: Going to pivotal tracker page.
2017-01-17 15:34:12 INFO  - STEP: I put a fernando.iquiza@fundacion-jala.org and press Next button. MESSAGE: Inserting username.
2017-01-17 15:34:26 INFO  - STEP: Deleting project by API. MESSAGE: Deleting the project.
2017-01-17 15:34:28 INFO  - STEP: Logout of the account. MESSAGE: Quiting of the account.
2017-01-17 15:34:28 INFO  - SCENARIO: Create multiple Tasks with the same name. MESSAGE: starting scenario.
2017-01-17 15:34:28 INFO  - STEP: I am on Pivotal Tracker page. MESSAGE: Going to pivotal tracker page.
2017-01-17 15:34:28 INFO  - STEP: I put a fernando.iquiza@fundacion-jala.org and press Next button. MESSAGE: Inserting username.
2017-01-17 15:34:42 INFO  - STEP: Deleting project by API. MESSAGE: Deleting the project.
2017-01-17 15:34:45 INFO  - STEP: Logout of the account. MESSAGE: Quiting of the account.
2017-01-17 15:34:45 INFO  - SCENARIO: Delete a Task. MESSAGE: starting scenario.
2017-01-17 15:34:45 INFO  - STEP: I am on Pivotal Tracker page. MESSAGE: Going to pivotal tracker page.
2017-01-17 15:34:45 INFO  - STEP: I put a fernando.iquiza@fundacion-jala.org and press Next button. MESSAGE: Inserting username.
2017-01-17 15:34:59 INFO  - STEP: Deleting project by API. MESSAGE: Deleting the project.
2017-01-17 15:35:04 INFO  - STEP: Logout of the account. MESSAGE: Quiting of the account.
2017-01-17 15:35:04 INFO  - SCENARIO: Create task without name. MESSAGE: starting scenario.
2017-01-17 15:35:04 INFO  - STEP: I am on Pivotal Tracker page. MESSAGE: Going to pivotal tracker page.
2017-01-17 15:35:04 INFO  - STEP: I put a fernando.iquiza@fundacion-jala.org and press Next button. MESSAGE: Inserting username.
2017-01-17 15:35:18 INFO  - STEP: Deleting project by API. MESSAGE: Deleting the project.
2017-01-17 15:35:21 INFO  - STEP: Logout of the account. MESSAGE: Quiting of the account.
2017-01-17 15:46:30 INFO  - SCENARIO: Create a Task. MESSAGE: starting scenario.
2017-01-17 15:46:30 INFO  - STEP: I am on Pivotal Tracker page. MESSAGE: Going to pivotal tracker page.
2017-01-17 15:46:40 INFO  - STEP: I put a fernando.iquiza@fundacion-jala.org and press Next button. MESSAGE: Inserting username.
2017-01-17 15:46:40 INFO  - STEP: I put a MTat676435019 and press Submit button. MESSAGE: Inserting password and pressing submit button.
2017-01-17 15:46:41 INFO  - STEP: I create a project as a TestProject. MESSAGE: Pressing create project button and setting the project name.
2017-01-17 15:46:55 INFO  - STEP: Deleting project by API. MESSAGE: Deleting the project.
2017-01-17 15:47:00 INFO  - STEP: Logout of the account. MESSAGE: Quiting of the account.
2017-01-17 15:47:14 INFO  - SCENARIO: Update name a Task. MESSAGE: starting scenario.
2017-01-17 15:47:14 INFO  - STEP: I am on Pivotal Tracker page. MESSAGE: Going to pivotal tracker page.
2017-01-17 15:47:14 INFO  - STEP: I put a fernando.iquiza@fundacion-jala.org and press Next button. MESSAGE: Inserting username.
2017-01-17 15:47:14 INFO  - STEP: I put a MTat676435019 and press Submit button. MESSAGE: Inserting password and pressing submit button.
2017-01-17 15:47:15 INFO  - STEP: I create a project as a TestProject. MESSAGE: Pressing create project button and setting the project name.
2017-01-17 15:47:19 INFO  - STEP: I select an account as a Jala. MESSAGE: Selecting an account.
2017-01-17 15:47:19 INFO  - STEP: I create a story as a StoryTest. MESSAGE: Creating an user story.
2017-01-17 15:47:33 INFO  - STEP: I have a task taskOne and taskTwo created. MESSAGE: Creating two tasks..
2017-01-17 15:47:33 INFO  - STEP: I change the name of taskTwo for TestTaskUpdated. MESSAGE: Changing the name of a task.
2017-01-17 15:47:34 INFO  - STEP: The task should be change to TestTaskUpdated. MESSAGE: Verifying the changed name of a task.
2017-01-17 15:47:34 INFO  - STEP: Deleting project by API. MESSAGE: Deleting the project.
2017-01-17 15:47:42 INFO  - STEP: Logout of the account. MESSAGE: Quiting of the account.
2017-01-17 15:47:42 INFO  - STEP: Go to the login page. MESSAGE: Going to the login page.
2017-01-17 15:47:44 INFO  - SCENARIO: Create multiple Tasks with the same name. MESSAGE: starting scenario.
2017-01-17 15:47:44 INFO  - STEP: I am on Pivotal Tracker page. MESSAGE: Going to pivotal tracker page.
2017-01-17 15:47:44 INFO  - STEP: I put a fernando.iquiza@fundacion-jala.org and press Next button. MESSAGE: Inserting username.
2017-01-17 15:47:58 INFO  - STEP: Deleting project by API. MESSAGE: Deleting the project.
2017-01-17 15:48:01 INFO  - STEP: Logout of the account. MESSAGE: Quiting of the account.
2017-01-17 15:48:01 INFO  - SCENARIO: Delete a Task. MESSAGE: starting scenario.
2017-01-17 15:48:01 INFO  - STEP: I am on Pivotal Tracker page. MESSAGE: Going to pivotal tracker page.
2017-01-17 15:48:01 INFO  - STEP: I put a fernando.iquiza@fundacion-jala.org and press Next button. MESSAGE: Inserting username.
2017-01-17 15:48:15 INFO  - STEP: Deleting project by API. MESSAGE: Deleting the project.
2017-01-17 15:48:17 INFO  - STEP: Logout of the account. MESSAGE: Quiting of the account.
2017-01-17 15:48:17 INFO  - SCENARIO: Create task without name. MESSAGE: starting scenario.
2017-01-17 15:48:17 INFO  - STEP: I am on Pivotal Tracker page. MESSAGE: Going to pivotal tracker page.
2017-01-17 15:48:17 INFO  - STEP: I put a fernando.iquiza@fundacion-jala.org and press Next button. MESSAGE: Inserting username.
2017-01-17 15:48:31 INFO  - STEP: Deleting project by API. MESSAGE: Deleting the project.
2017-01-17 15:48:34 INFO  - STEP: Logout of the account. MESSAGE: Quiting of the account.
2017-01-17 15:57:33 INFO  - SCENARIO: Create a Task. MESSAGE: starting scenario.
2017-01-17 15:57:33 INFO  - STEP: Deleting project by API. MESSAGE: Deleting the project.
2017-01-17 15:57:33 INFO  - SCENARIO: Update name a Task. MESSAGE: starting scenario.
2017-01-17 15:57:33 INFO  - STEP: Deleting project by API. MESSAGE: Deleting the project.
2017-01-17 15:57:33 INFO  - SCENARIO: Create multiple Tasks with the same name. MESSAGE: starting scenario.
2017-01-17 15:57:33 INFO  - STEP: Deleting project by API. MESSAGE: Deleting the project.
2017-01-17 15:57:33 INFO  - SCENARIO: Delete a Task. MESSAGE: starting scenario.
2017-01-17 15:57:33 INFO  - STEP: Deleting project by API. MESSAGE: Deleting the project.
2017-01-17 15:57:33 INFO  - SCENARIO: Create task without name. MESSAGE: starting scenario.
2017-01-17 15:57:33 INFO  - STEP: Deleting project by API. MESSAGE: Deleting the project.
2017-01-17 15:57:56 INFO  - SCENARIO: Create a Task. MESSAGE: starting scenario.
2017-01-17 15:57:56 INFO  - STEP: Deleting project by API. MESSAGE: Deleting the project.
2017-01-17 15:57:56 INFO  - SCENARIO: Update name a Task. MESSAGE: starting scenario.
2017-01-17 15:57:56 INFO  - STEP: Deleting project by API. MESSAGE: Deleting the project.
2017-01-17 15:57:56 INFO  - SCENARIO: Create multiple Tasks with the same name. MESSAGE: starting scenario.
2017-01-17 15:57:56 INFO  - STEP: Deleting project by API. MESSAGE: Deleting the project.
2017-01-17 15:57:56 INFO  - SCENARIO: Delete a Task. MESSAGE: starting scenario.
2017-01-17 15:57:56 INFO  - STEP: Deleting project by API. MESSAGE: Deleting the project.
2017-01-17 15:57:56 INFO  - SCENARIO: Create task without name. MESSAGE: starting scenario.
2017-01-17 15:57:56 INFO  - STEP: Deleting project by API. MESSAGE: Deleting the project.
2017-01-17 15:59:04 INFO  - SCENARIO: Create a Task. MESSAGE: starting scenario.
2017-01-17 15:59:04 INFO  - STEP: Deleting project by API. MESSAGE: Deleting the project.
2017-01-17 15:59:04 INFO  - SCENARIO: Update name a Task. MESSAGE: starting scenario.
2017-01-17 15:59:04 INFO  - STEP: Deleting project by API. MESSAGE: Deleting the project.
2017-01-17 15:59:04 INFO  - SCENARIO: Create multiple Tasks with the same name. MESSAGE: starting scenario.
2017-01-17 15:59:04 INFO  - STEP: Deleting project by API. MESSAGE: Deleting the project.
2017-01-17 15:59:04 INFO  - SCENARIO: Delete a Task. MESSAGE: starting scenario.
2017-01-17 15:59:04 INFO  - STEP: Deleting project by API. MESSAGE: Deleting the project.
2017-01-17 15:59:04 INFO  - SCENARIO: Create task without name. MESSAGE: starting scenario.
2017-01-17 15:59:04 INFO  - STEP: Deleting project by API. MESSAGE: Deleting the project.
2017-01-17 16:03:03 INFO  - SCENARIO: Create a Task. MESSAGE: starting scenario.
2017-01-17 16:03:03 INFO  - STEP: I am on Pivotal Tracker page. MESSAGE: Going to pivotal tracker page.
2017-01-17 16:03:18 INFO  - STEP: I put a fernando.iquiza@fundacion-jala.org and press Next button. MESSAGE: Inserting username.
2017-01-17 16:03:19 INFO  - STEP: I put a MTat676435019 and press Submit button. MESSAGE: Inserting password and pressing submit button.
2017-01-17 16:03:20 INFO  - STEP: I create a project as a TestProject. MESSAGE: Pressing create project button and setting the project name.
2017-01-17 16:03:26 INFO  - STEP: I select an account as a Jala. MESSAGE: Selecting an account.
2017-01-17 16:03:26 INFO  - STEP: I create a story as a StoryTest. MESSAGE: Creating an user story.
2017-01-17 16:03:44 INFO  - STEP: I add a task as a TestTask. MESSAGE: Creating an user story.
2017-01-17 16:03:44 INFO  - STEP: A task named TestTask should be created. MESSAGE: Verifying the creation of task.
2017-01-17 16:03:44 INFO  - STEP: Deleting project by API. MESSAGE: Deleting the project.
2017-01-17 16:03:53 INFO  - STEP: Logout of the account. MESSAGE: Quiting of the account.
2017-01-17 16:03:54 INFO  - STEP: Go to the login page. MESSAGE: Going to the login page.
2017-01-17 16:03:55 INFO  - SCENARIO: Update name a Task. MESSAGE: starting scenario.
2017-01-17 16:03:55 INFO  - STEP: I am on Pivotal Tracker page. MESSAGE: Going to pivotal tracker page.
2017-01-17 16:03:55 INFO  - STEP: I put a fernando.iquiza@fundacion-jala.org and press Next button. MESSAGE: Inserting username.
2017-01-17 16:04:10 INFO  - STEP: Deleting project by API. MESSAGE: Deleting the project.
2017-01-17 16:04:12 INFO  - STEP: Logout of the account. MESSAGE: Quiting of the account.
2017-01-17 17:01:48 INFO  - SCENARIO: Create a Task. MESSAGE: starting scenario.
2017-01-17 17:01:48 INFO  - STEP: I am on Pivotal Tracker page. MESSAGE: Going to pivotal tracker page.
2017-01-17 17:02:01 INFO  - STEP: I put a fernando.iquiza@fundacion-jala.org and press Next button. MESSAGE: Inserting username.
2017-01-17 17:02:03 INFO  - STEP: I put a MTat676435019 and press Submit button. MESSAGE: Inserting password and pressing submit button.
2017-01-17 17:02:04 INFO  - STEP: I create a project as a TestProject. MESSAGE: Pressing create project button and setting the project name.
2017-01-17 17:02:06 INFO  - STEP: I select an account as a Jala. MESSAGE: Selecting an account.
2017-01-17 17:02:07 INFO  - STEP: I create a story as a StoryTest. MESSAGE: Creating an user story.
2017-01-17 17:02:12 INFO  - STEP: I add a task as a TestTask. MESSAGE: Creating an user story.
2017-01-17 17:02:13 INFO  - STEP: A task named TestTask should be created. MESSAGE: Verifying the creation of task.
2017-01-17 17:02:13 INFO  - STEP: Deleting project by API. MESSAGE: Deleting the project.
2017-01-17 17:02:29 INFO  - STEP: Logout of the account. MESSAGE: Quiting of the account.
2017-01-17 17:02:29 INFO  - STEP: Go to the login page. MESSAGE: Going to the login page.
2017-01-17 17:02:31 INFO  - SCENARIO: Update name a Task. MESSAGE: starting scenario.
2017-01-17 17:02:31 INFO  - STEP: I am on Pivotal Tracker page. MESSAGE: Going to pivotal tracker page.
2017-01-17 17:02:31 INFO  - STEP: I put a fernando.iquiza@fundacion-jala.org and press Next button. MESSAGE: Inserting username.
2017-01-17 17:02:44 INFO  - STEP: Deleting project by API. MESSAGE: Deleting the project.
2017-01-17 17:03:19 INFO  - SCENARIO: Create a Task. MESSAGE: starting scenario.
2017-01-17 17:03:19 INFO  - STEP: I am on Pivotal Tracker page. MESSAGE: Going to pivotal tracker page.
2017-01-17 17:03:27 INFO  - STEP: I put a fernando.iquiza@fundacion-jala.org and press Next button. MESSAGE: Inserting username.
2017-01-17 17:03:28 INFO  - STEP: I put a MTat676435019 and press Submit button. MESSAGE: Inserting password and pressing submit button.
2017-01-17 17:03:29 INFO  - STEP: I create a project as a TestProject. MESSAGE: Pressing create project button and setting the project name.
2017-01-17 17:03:43 INFO  - STEP: Deleting project by API. MESSAGE: Deleting the project.
2017-01-17 17:03:47 INFO  - STEP: Logout of the account. MESSAGE: Quiting of the account.
2017-01-17 17:04:01 INFO  - SCENARIO: Update name a Task. MESSAGE: starting scenario.
2017-01-17 17:04:01 INFO  - STEP: I am on Pivotal Tracker page. MESSAGE: Going to pivotal tracker page.
2017-01-17 17:04:01 INFO  - STEP: I put a fernando.iquiza@fundacion-jala.org and press Next button. MESSAGE: Inserting username.
2017-01-17 17:04:02 INFO  - STEP: I put a MTat676435019 and press Submit button. MESSAGE: Inserting password and pressing submit button.
2017-01-17 17:04:02 INFO  - STEP: I create a project as a TestProject. MESSAGE: Pressing create project button and setting the project name.
2017-01-17 17:04:11 INFO  - STEP: I select an account as a Jala. MESSAGE: Selecting an account.
2017-01-17 17:04:11 INFO  - STEP: I create a story as a StoryTest. MESSAGE: Creating an user story.
2017-01-17 17:04:34 INFO  - STEP: I have a task taskOne and taskTwo created. MESSAGE: Creating two tasks..
2017-01-17 17:04:35 INFO  - STEP: I change the name of taskTwo for TestTaskUpdated. MESSAGE: Changing the name of a task.
2017-01-17 17:04:36 INFO  - STEP: The task should be change to TestTaskUpdated. MESSAGE: Verifying the changed name of a task.
2017-01-17 17:04:37 INFO  - STEP: Deleting project by API. MESSAGE: Deleting the project.
2017-01-17 17:04:43 INFO  - STEP: Logout of the account. MESSAGE: Quiting of the account.
2017-01-17 17:04:44 INFO  - STEP: Go to the login page. MESSAGE: Going to the login page.
2017-01-17 17:15:08 INFO  - SCENARIO: Create a Task. MESSAGE: starting scenario.
2017-01-17 17:15:08 INFO  - STEP: I am on Pivotal Tracker page. MESSAGE: Going to pivotal tracker page.
2017-01-17 17:15:17 INFO  - STEP: I put a at-02@outlook.com and press Next button. MESSAGE: Inserting username.
2017-01-17 17:15:18 INFO  - STEP: I put a Automation123 and press Submit button. MESSAGE: Inserting password and pressing submit button.
2017-01-17 17:15:19 INFO  - STEP: I create a project as a TestProject. MESSAGE: Pressing create project button and setting the project name.
2017-01-17 17:15:21 INFO  - STEP: I select an account as a Jala. MESSAGE: Selecting an account.
2017-01-17 17:15:22 INFO  - STEP: I create a story as a StoryTest. MESSAGE: Creating an user story.
2017-01-17 17:15:28 INFO  - STEP: I add a task as a TestTask. MESSAGE: Creating an user story.
2017-01-17 17:15:28 INFO  - STEP: A task named TestTask should be created. MESSAGE: Verifying the creation of task.
2017-01-17 17:15:29 INFO  - STEP: Deleting project by API. MESSAGE: Deleting the project.
2017-01-17 17:15:38 INFO  - STEP: Logout of the account. MESSAGE: Quiting of the account.
2017-01-17 17:15:43 INFO  - STEP: Go to the login page. MESSAGE: Going to the login page.
2017-01-17 17:15:43 INFO  - SCENARIO: Update name a Task. MESSAGE: starting scenario.
2017-01-17 17:15:43 INFO  - STEP: I am on Pivotal Tracker page. MESSAGE: Going to pivotal tracker page.
2017-01-17 17:15:43 INFO  - STEP: I put a at-02@outlook.com and press Next button. MESSAGE: Inserting username.
2017-01-17 17:15:44 INFO  - STEP: I put a Automation123 and press Submit button. MESSAGE: Inserting password and pressing submit button.
2017-01-17 17:15:44 INFO  - STEP: I create a project as a TestProject. MESSAGE: Pressing create project button and setting the project name.
2017-01-17 17:15:46 INFO  - STEP: I select an account as a Jala. MESSAGE: Selecting an account.
2017-01-17 17:15:47 INFO  - STEP: I create a story as a StoryTest. MESSAGE: Creating an user story.
2017-01-17 17:15:52 INFO  - STEP: I have a task taskOne and taskTwo created. MESSAGE: Creating two tasks..
2017-01-17 17:15:52 INFO  - STEP: I change the name of taskTwo for TestTaskUpdated. MESSAGE: Changing the name of a task.
2017-01-17 17:15:53 INFO  - STEP: The task should be change to TestTaskUpdated. MESSAGE: Verifying the changed name of a task.
2017-01-17 17:16:07 INFO  - STEP: Deleting project by API. MESSAGE: Deleting the project.
2017-01-17 17:16:14 INFO  - STEP: Logout of the account. MESSAGE: Quiting of the account.
2017-01-17 17:16:19 INFO  - STEP: Go to the login page. MESSAGE: Going to the login page.
2017-01-17 17:16:20 INFO  - SCENARIO: Create multiple Tasks with the same name. MESSAGE: starting scenario.
2017-01-17 17:16:20 INFO  - STEP: I am on Pivotal Tracker page. MESSAGE: Going to pivotal tracker page.
2017-01-17 17:16:20 INFO  - STEP: I put a at-02@outlook.com and press Next button. MESSAGE: Inserting username.
2017-01-17 17:16:20 INFO  - STEP: I put a Automation123 and press Submit button. MESSAGE: Inserting password and pressing submit button.
2017-01-17 17:16:20 INFO  - STEP: I create a project as a TestProject. MESSAGE: Pressing create project button and setting the project name.
2017-01-17 17:16:22 INFO  - STEP: I select an account as a Jala. MESSAGE: Selecting an account.
2017-01-17 17:16:23 INFO  - STEP: I create a story as a StoryTest. MESSAGE: Creating an user story.
2017-01-17 17:16:29 INFO  - STEP: I add multiple tasks with the same name as TaskTest. MESSAGE: Creating multiple tasks.
2017-01-17 17:16:31 INFO  - STEP: I click on save story with tasks. MESSAGE: Saving tasks.
2017-01-17 17:16:32 INFO  - STEP: I should have created 5tasks with the same name as TaskTest. MESSAGE: Verifying tasks created.
2017-01-17 17:16:46 INFO  - STEP: Deleting project by API. MESSAGE: Deleting the project.
2017-01-17 17:16:53 INFO  - STEP: Logout of the account. MESSAGE: Quiting of the account.
2017-01-17 17:16:58 INFO  - STEP: Go to the login page. MESSAGE: Going to the login page.
2017-01-17 17:16:59 INFO  - SCENARIO: Delete a Task. MESSAGE: starting scenario.
2017-01-17 17:16:59 INFO  - STEP: I am on Pivotal Tracker page. MESSAGE: Going to pivotal tracker page.
2017-01-17 17:16:59 INFO  - STEP: I put a at-02@outlook.com and press Next button. MESSAGE: Inserting username.
2017-01-17 17:16:59 INFO  - STEP: I put a Automation123 and press Submit button. MESSAGE: Inserting password and pressing submit button.
2017-01-17 17:17:00 INFO  - STEP: I create a project as a TestProject. MESSAGE: Pressing create project button and setting the project name.
2017-01-17 17:17:01 INFO  - STEP: I select an account as a Jala. MESSAGE: Selecting an account.
2017-01-17 17:17:01 INFO  - STEP: I create a story as a StoryTest. MESSAGE: Creating an user story.
2017-01-17 17:17:06 INFO  - STEP: I have a task taskOne and taskTwo created. MESSAGE: Creating two tasks..
2017-01-17 17:17:07 INFO  - STEP: I delete taskOne. MESSAGE: Deleting a task.
2017-01-17 17:17:07 INFO  - STEP: taskOne should be deleted. MESSAGE: Verifying deleted task.
2017-01-17 17:17:22 INFO  - STEP: Deleting project by API. MESSAGE: Deleting the project.
2017-01-17 17:17:28 INFO  - STEP: Logout of the account. MESSAGE: Quiting of the account.
2017-01-17 17:17:33 INFO  - STEP: Go to the login page. MESSAGE: Going to the login page.
2017-01-17 17:17:34 INFO  - SCENARIO: Create task without name. MESSAGE: starting scenario.
2017-01-17 17:17:34 INFO  - STEP: I am on Pivotal Tracker page. MESSAGE: Going to pivotal tracker page.
2017-01-17 17:17:34 INFO  - STEP: I put a at-02@outlook.com and press Next button. MESSAGE: Inserting username.
2017-01-17 17:17:34 INFO  - STEP: I put a Automation123 and press Submit button. MESSAGE: Inserting password and pressing submit button.
2017-01-17 17:17:35 INFO  - STEP: I create a project as a TestProject. MESSAGE: Pressing create project button and setting the project name.
2017-01-17 17:17:36 INFO  - STEP: I select an account as a Jala. MESSAGE: Selecting an account.
2017-01-17 17:17:37 INFO  - STEP: I create a story as a StoryTest. MESSAGE: Creating an user story.
2017-01-17 17:17:41 INFO  - STEP: I press add new task without name. MESSAGE: Pressing add new task button.
2017-01-17 17:17:42 INFO  - STEP: I expect an alert message. MESSAGE: Verifying alert message.
2017-01-17 17:17:42 INFO  - STEP: Deleting project by API. MESSAGE: Deleting the project.
2017-01-17 17:17:48 INFO  - STEP: Logout of the account. MESSAGE: Quiting of the account.
2017-01-17 17:17:53 INFO  - STEP: Go to the login page. MESSAGE: Going to the login page.
2017-01-17 17:26:24 INFO  - SCENARIO: Sign-in to Pivotal Tracker with valid username and password.. MESSAGE: starting scenario.
2017-01-17 17:26:35 INFO  - STEP: Deleting project by API. MESSAGE: Deleting the project.
2017-01-17 17:26:35 INFO  - STEP: Logout of the account. MESSAGE: Quiting of the account.
2017-01-17 17:26:35 INFO  - SCENARIO: Create a Task. MESSAGE: starting scenario.
2017-01-17 17:26:35 INFO  - STEP: I am on Pivotal Tracker page. MESSAGE: Going to pivotal tracker page.
2017-01-17 17:26:35 INFO  - STEP: I put a at-02@outlook.com and press Next button. MESSAGE: Inserting username.
2017-01-17 17:26:35 INFO  - STEP: I put a Automation123 and press Submit button. MESSAGE: Inserting password and pressing submit button.
2017-01-17 17:26:35 INFO  - STEP: I create a project as a TestProject. MESSAGE: Pressing create project button and setting the project name.
2017-01-17 17:26:49 INFO  - STEP: Deleting project by API. MESSAGE: Deleting the project.
2017-01-17 17:26:49 INFO  - STEP: Logout of the account. MESSAGE: Quiting of the account.
2017-01-17 17:27:03 INFO  - SCENARIO: Update name a Task. MESSAGE: starting scenario.
2017-01-17 17:27:03 INFO  - STEP: I am on Pivotal Tracker page. MESSAGE: Going to pivotal tracker page.
2017-01-17 17:27:03 INFO  - STEP: I put a at-02@outlook.com and press Next button. MESSAGE: Inserting username.
2017-01-17 17:27:04 INFO  - STEP: I put a Automation123 and press Submit button. MESSAGE: Inserting password and pressing submit button.
2017-01-17 17:27:04 INFO  - STEP: I create a project as a TestProject. MESSAGE: Pressing create project button and setting the project name.
2017-01-17 17:27:18 INFO  - STEP: Deleting project by API. MESSAGE: Deleting the project.
2017-01-17 17:27:18 INFO  - STEP: Logout of the account. MESSAGE: Quiting of the account.
2017-01-17 17:31:42 INFO  - SCENARIO: Sign-in to Pivotal Tracker with valid username and password.. MESSAGE: starting scenario.
2017-01-17 17:31:52 INFO  - STEP: Deleting project by API. MESSAGE: Deleting the project.
2017-01-17 17:31:52 INFO  - STEP: Logout of the account. MESSAGE: Quiting of the account.
2017-01-17 17:31:52 INFO  - SCENARIO: Create a Task. MESSAGE: starting scenario.
2017-01-17 17:31:52 INFO  - STEP: I am on Pivotal Tracker page. MESSAGE: Going to pivotal tracker page.
2017-01-17 17:31:52 INFO  - STEP: I put a at-02@outlook.com and press Next button. MESSAGE: Inserting username.
2017-01-17 17:31:52 INFO  - STEP: I put a Automation123 and press Submit button. MESSAGE: Inserting password and pressing submit button.
2017-01-17 17:31:52 INFO  - STEP: I create a project as a TestProject. MESSAGE: Pressing create project button and setting the project name.
2017-01-17 17:32:06 INFO  - STEP: Deleting project by API. MESSAGE: Deleting the project.
2017-01-17 17:32:06 INFO  - STEP: Logout of the account. MESSAGE: Quiting of the account.
2017-01-17 17:32:20 INFO  - SCENARIO: Update name a Task. MESSAGE: starting scenario.
2017-01-17 17:32:20 INFO  - STEP: I am on Pivotal Tracker page. MESSAGE: Going to pivotal tracker page.
2017-01-17 17:32:20 INFO  - STEP: I put a at-02@outlook.com and press Next button. MESSAGE: Inserting username.
2017-01-17 17:32:20 INFO  - STEP: I put a Automation123 and press Submit button. MESSAGE: Inserting password and pressing submit button.
2017-01-17 17:32:20 INFO  - STEP: I create a project as a TestProject. MESSAGE: Pressing create project button and setting the project name.
2017-01-17 17:32:34 INFO  - STEP: Deleting project by API. MESSAGE: Deleting the project.
2017-01-17 17:32:34 INFO  - STEP: Logout of the account. MESSAGE: Quiting of the account.
2017-01-17 17:32:49 INFO  - SCENARIO: Create multiple Tasks with the same name. MESSAGE: starting scenario.
2017-01-17 17:32:49 INFO  - STEP: I am on Pivotal Tracker page. MESSAGE: Going to pivotal tracker page.
2017-01-17 17:32:49 INFO  - STEP: I put a at-02@outlook.com and press Next button. MESSAGE: Inserting username.
2017-01-17 17:32:49 INFO  - STEP: I put a Automation123 and press Submit button. MESSAGE: Inserting password and pressing submit button.
2017-01-17 17:32:50 INFO  - STEP: I create a project as a TestProject. MESSAGE: Pressing create project button and setting the project name.
2017-01-17 17:33:15 INFO  - SCENARIO: Sign-in to Pivotal Tracker with valid username and password.. MESSAGE: starting scenario.
2017-01-17 17:33:24 INFO  - STEP: Deleting project by API. MESSAGE: Deleting the project.
2017-01-17 17:33:24 INFO  - STEP: Logout of the account. MESSAGE: Quiting of the account.
2017-01-17 17:33:24 INFO  - SCENARIO: Create a Task. MESSAGE: starting scenario.
2017-01-17 17:33:24 INFO  - STEP: I am on Pivotal Tracker page. MESSAGE: Going to pivotal tracker page.
2017-01-17 17:33:24 INFO  - STEP: I put a at-02@outlook.com and press Next button. MESSAGE: Inserting username.
2017-01-17 17:33:24 INFO  - STEP: I put a Automation123 and press Submit button. MESSAGE: Inserting password and pressing submit button.
2017-01-17 17:33:25 INFO  - STEP: I create a project as a TestProject. MESSAGE: Pressing create project button and setting the project name.
2017-01-17 17:33:39 INFO  - STEP: Deleting project by API. MESSAGE: Deleting the project.
2017-01-17 17:33:39 INFO  - STEP: Logout of the account. MESSAGE: Quiting of the account.
2017-01-17 17:34:07 INFO  - SCENARIO: Update name a Task. MESSAGE: starting scenario.
2017-01-17 17:34:07 INFO  - STEP: I am on Pivotal Tracker page. MESSAGE: Going to pivotal tracker page.
2017-01-17 17:34:07 INFO  - STEP: I put a at-02@outlook.com and press Next button. MESSAGE: Inserting username.
2017-01-17 17:34:21 INFO  - STEP: Deleting project by API. MESSAGE: Deleting the project.
2017-01-17 17:34:21 INFO  - STEP: Logout of the account. MESSAGE: Quiting of the account.
2017-01-17 17:34:21 INFO  - SCENARIO: Create multiple Tasks with the same name. MESSAGE: starting scenario.
2017-01-17 17:34:21 INFO  - STEP: I am on Pivotal Tracker page. MESSAGE: Going to pivotal tracker page.
2017-01-17 17:34:21 INFO  - STEP: I put a at-02@outlook.com and press Next button. MESSAGE: Inserting username.
2017-01-17 17:34:35 INFO  - STEP: Deleting project by API. MESSAGE: Deleting the project.
2017-01-17 17:34:35 INFO  - STEP: Logout of the account. MESSAGE: Quiting of the account.
2017-01-17 17:34:35 INFO  - SCENARIO: Delete a Task. MESSAGE: starting scenario.
2017-01-17 17:34:35 INFO  - STEP: I am on Pivotal Tracker page. MESSAGE: Going to pivotal tracker page.
2017-01-17 17:34:35 INFO  - STEP: I put a at-02@outlook.com and press Next button. MESSAGE: Inserting username.
2017-01-17 17:34:49 INFO  - STEP: Deleting project by API. MESSAGE: Deleting the project.
2017-01-17 17:34:49 INFO  - STEP: Logout of the account. MESSAGE: Quiting of the account.
2017-01-17 17:34:49 INFO  - SCENARIO: Create task without name. MESSAGE: starting scenario.
2017-01-17 17:34:49 INFO  - STEP: I am on Pivotal Tracker page. MESSAGE: Going to pivotal tracker page.
2017-01-17 17:34:49 INFO  - STEP: I put a at-02@outlook.com and press Next button. MESSAGE: Inserting username.
2017-01-17 17:37:02 INFO  - SCENARIO: Sign-in to Pivotal Tracker with valid username and password.. MESSAGE: starting scenario.
2017-01-17 17:37:14 INFO  - STEP: Deleting project by API. MESSAGE: Deleting the project.
2017-01-17 17:37:20 INFO  - STEP: Logout of the account. MESSAGE: Quiting of the account.
2017-01-17 17:37:20 INFO  - SCENARIO: Create a Task. MESSAGE: starting scenario.
2017-01-17 17:37:20 INFO  - STEP: I am on Pivotal Tracker page. MESSAGE: Going to pivotal tracker page.
2017-01-17 17:37:20 INFO  - STEP: I put a fernando.iquiza@fundacion-jala.org and press Next button. MESSAGE: Inserting username.
2017-01-17 17:37:34 INFO  - STEP: Deleting project by API. MESSAGE: Deleting the project.
2017-01-17 17:37:36 INFO  - STEP: Logout of the account. MESSAGE: Quiting of the account.
2017-01-17 17:37:36 INFO  - SCENARIO: Update name a Task. MESSAGE: starting scenario.
2017-01-17 17:37:36 INFO  - STEP: I am on Pivotal Tracker page. MESSAGE: Going to pivotal tracker page.
2017-01-17 17:37:36 INFO  - STEP: I put a fernando.iquiza@fundacion-jala.org and press Next button. MESSAGE: Inserting username.
2017-01-17 17:37:50 INFO  - STEP: Deleting project by API. MESSAGE: Deleting the project.
2017-01-17 17:37:54 INFO  - STEP: Logout of the account. MESSAGE: Quiting of the account.
2017-01-17 17:37:54 INFO  - SCENARIO: Create multiple Tasks with the same name. MESSAGE: starting scenario.
2017-01-17 17:37:54 INFO  - STEP: I am on Pivotal Tracker page. MESSAGE: Going to pivotal tracker page.
2017-01-17 17:37:54 INFO  - STEP: I put a fernando.iquiza@fundacion-jala.org and press Next button. MESSAGE: Inserting username.
2017-01-17 17:38:08 INFO  - STEP: Deleting project by API. MESSAGE: Deleting the project.
2017-01-17 17:38:11 INFO  - STEP: Logout of the account. MESSAGE: Quiting of the account.
2017-01-17 17:38:11 INFO  - SCENARIO: Delete a Task. MESSAGE: starting scenario.
2017-01-17 17:38:11 INFO  - STEP: I am on Pivotal Tracker page. MESSAGE: Going to pivotal tracker page.
2017-01-17 17:38:11 INFO  - STEP: I put a fernando.iquiza@fundacion-jala.org and press Next button. MESSAGE: Inserting username.
2017-01-17 17:38:25 INFO  - STEP: Deleting project by API. MESSAGE: Deleting the project.
2017-01-17 17:38:27 INFO  - STEP: Logout of the account. MESSAGE: Quiting of the account.
2017-01-17 17:38:27 INFO  - SCENARIO: Create task without name. MESSAGE: starting scenario.
2017-01-17 17:38:27 INFO  - STEP: I am on Pivotal Tracker page. MESSAGE: Going to pivotal tracker page.
2017-01-17 17:38:27 INFO  - STEP: I put a fernando.iquiza@fundacion-jala.org and press Next button. MESSAGE: Inserting username.
2017-01-17 17:38:41 INFO  - STEP: Deleting project by API. MESSAGE: Deleting the project.
2017-01-17 17:38:44 INFO  - STEP: Logout of the account. MESSAGE: Quiting of the account.
2017-01-17 17:40:02 INFO  - SCENARIO: Sign-in to Pivotal Tracker with valid username and password.. MESSAGE: starting scenario.
2017-01-17 17:40:13 INFO  - STEP: Deleting project by API. MESSAGE: Deleting the project.
2017-01-17 17:40:21 INFO  - STEP: Logout of the account. MESSAGE: Quiting of the account.
2017-01-17 17:40:21 INFO  - SCENARIO: Create a Task. MESSAGE: starting scenario.
2017-01-17 17:40:21 INFO  - STEP: I am on Pivotal Tracker page. MESSAGE: Going to pivotal tracker page.
2017-01-17 17:40:21 INFO  - STEP: I put a fernando.iquiza@fundacion-jala.org and press Next button. MESSAGE: Inserting username.
2017-01-17 17:40:35 INFO  - STEP: Deleting project by API. MESSAGE: Deleting the project.
2017-01-17 17:40:38 INFO  - STEP: Logout of the account. MESSAGE: Quiting of the account.
2017-01-17 17:40:38 INFO  - SCENARIO: Update name a Task. MESSAGE: starting scenario.
2017-01-17 17:40:38 INFO  - STEP: I am on Pivotal Tracker page. MESSAGE: Going to pivotal tracker page.
2017-01-17 17:40:38 INFO  - STEP: I put a fernando.iquiza@fundacion-jala.org and press Next button. MESSAGE: Inserting username.
2017-01-17 17:40:52 INFO  - STEP: Deleting project by API. MESSAGE: Deleting the project.
2017-01-17 17:40:54 INFO  - STEP: Logout of the account. MESSAGE: Quiting of the account.
2017-01-17 17:42:44 INFO  - SCENARIO: Sign-in to Pivotal Tracker with valid username and password.. MESSAGE: starting scenario.
2017-01-17 17:42:54 INFO  - STEP: Deleting project by API. MESSAGE: Deleting the project.
2017-01-17 17:42:59 INFO  - STEP: Logout of the account. MESSAGE: Quiting of the account.
2017-01-17 17:42:59 INFO  - SCENARIO: Create a Task. MESSAGE: starting scenario.
2017-01-17 17:42:59 INFO  - STEP: I am on Pivotal Tracker page. MESSAGE: Going to pivotal tracker page.
2017-01-17 17:42:59 INFO  - STEP: I put a fernando.iquiza@fundacion-jala.org and press Next button. MESSAGE: Inserting username.
2017-01-17 17:43:13 INFO  - STEP: Deleting project by API. MESSAGE: Deleting the project.
2017-01-17 17:43:16 INFO  - STEP: Logout of the account. MESSAGE: Quiting of the account.
2017-01-17 17:43:16 INFO  - SCENARIO: Update name a Task. MESSAGE: starting scenario.
2017-01-17 17:43:16 INFO  - STEP: I am on Pivotal Tracker page. MESSAGE: Going to pivotal tracker page.
2017-01-17 17:43:16 INFO  - STEP: I put a fernando.iquiza@fundacion-jala.org and press Next button. MESSAGE: Inserting username.
2017-01-17 17:43:30 INFO  - STEP: Deleting project by API. MESSAGE: Deleting the project.
2017-01-17 17:43:33 INFO  - STEP: Logout of the account. MESSAGE: Quiting of the account.
2017-01-17 17:47:29 INFO  - SCENARIO: Sign-in to Pivotal Tracker with valid username and password.. MESSAGE: starting scenario.
2017-01-17 17:47:39 INFO  - STEP: Deleting project by API. MESSAGE: Deleting the project.
2017-01-17 17:47:45 INFO  - STEP: Logout of the account. MESSAGE: Quiting of the account.
2017-01-17 17:47:45 INFO  - SCENARIO: Create a Task. MESSAGE: starting scenario.
2017-01-17 17:47:45 INFO  - STEP: I am on Pivotal Tracker page. MESSAGE: Going to pivotal tracker page.
2017-01-17 17:47:45 INFO  - STEP: I put a fernando.iquiza@fundacion-jala.org and press Next button. MESSAGE: Inserting username.
2017-01-17 17:47:59 INFO  - STEP: Deleting project by API. MESSAGE: Deleting the project.
2017-01-17 17:48:02 INFO  - STEP: Logout of the account. MESSAGE: Quiting of the account.
2017-01-17 17:48:02 INFO  - SCENARIO: Update name a Task. MESSAGE: starting scenario.
2017-01-17 17:48:02 INFO  - STEP: I am on Pivotal Tracker page. MESSAGE: Going to pivotal tracker page.
2017-01-17 17:48:02 INFO  - STEP: I put a fernando.iquiza@fundacion-jala.org and press Next button. MESSAGE: Inserting username.
2017-01-17 17:48:16 INFO  - STEP: Deleting project by API. MESSAGE: Deleting the project.
2017-01-17 17:48:18 INFO  - STEP: Logout of the account. MESSAGE: Quiting of the account.
2017-01-17 17:49:44 INFO  - SCENARIO: Sign-in to Pivotal Tracker with valid username and password.. MESSAGE: starting scenario.
2017-01-17 17:49:56 INFO  - STEP: Deleting project by API. MESSAGE: Deleting the project.
2017-01-17 17:50:02 INFO  - STEP: Logout of the account. MESSAGE: Quiting of the account.
2017-01-17 17:50:02 INFO  - SCENARIO: Create a Task. MESSAGE: starting scenario.
2017-01-17 17:50:02 INFO  - STEP: I am on Pivotal Tracker page. MESSAGE: Going to pivotal tracker page.
2017-01-17 17:50:02 INFO  - STEP: I put a fernando.iquiza@fundacion-jala.org and press Next button. MESSAGE: Inserting username.
2017-01-17 17:50:16 INFO  - STEP: Deleting project by API. MESSAGE: Deleting the project.
2017-01-17 17:50:18 INFO  - STEP: Logout of the account. MESSAGE: Quiting of the account.
2017-01-17 17:50:19 INFO  - SCENARIO: Update name a Task. MESSAGE: starting scenario.
2017-01-17 17:50:19 INFO  - STEP: I am on Pivotal Tracker page. MESSAGE: Going to pivotal tracker page.
2017-01-17 17:50:19 INFO  - STEP: I put a fernando.iquiza@fundacion-jala.org and press Next button. MESSAGE: Inserting username.
2017-01-17 17:50:33 INFO  - STEP: Deleting project by API. MESSAGE: Deleting the project.
2017-01-17 17:50:36 INFO  - STEP: Logout of the account. MESSAGE: Quiting of the account.
2017-01-17 17:52:25 INFO  - SCENARIO: Sign-in to Pivotal Tracker with valid username and password.. MESSAGE: starting scenario.
2017-01-17 17:52:35 INFO  - STEP: Deleting project by API. MESSAGE: Deleting the project.
2017-01-17 17:52:40 INFO  - STEP: Logout of the account. MESSAGE: Quiting of the account.
2017-01-17 17:52:40 INFO  - SCENARIO: Create a Task. MESSAGE: starting scenario.
2017-01-17 17:52:40 INFO  - STEP: I am on Pivotal Tracker page. MESSAGE: Going to pivotal tracker page.
2017-01-17 17:52:40 INFO  - STEP: I put a fernando.iquiza@fundacion-jala.org and press Next button. MESSAGE: Inserting username.
2017-01-17 17:52:54 INFO  - STEP: Deleting project by API. MESSAGE: Deleting the project.
2017-01-17 17:52:57 INFO  - STEP: Logout of the account. MESSAGE: Quiting of the account.
2017-01-17 17:52:57 INFO  - SCENARIO: Update name a Task. MESSAGE: starting scenario.
2017-01-17 17:52:57 INFO  - STEP: I am on Pivotal Tracker page. MESSAGE: Going to pivotal tracker page.
2017-01-17 17:52:57 INFO  - STEP: I put a fernando.iquiza@fundacion-jala.org and press Next button. MESSAGE: Inserting username.
2017-01-17 17:53:11 INFO  - STEP: Deleting project by API. MESSAGE: Deleting the project.
2017-01-17 17:53:13 INFO  - STEP: Logout of the account. MESSAGE: Quiting of the account.
2017-01-17 17:54:44 INFO  - SCENARIO: Sign-in to Pivotal Tracker with valid username and password.. MESSAGE: starting scenario.
2017-01-17 17:54:54 INFO  - STEP: Deleting project by API. MESSAGE: Deleting the project.
2017-01-17 17:55:00 INFO  - STEP: Logout of the account. MESSAGE: Quiting of the account.
2017-01-17 17:55:00 INFO  - SCENARIO: Create a Task. MESSAGE: starting scenario.
2017-01-17 17:55:00 INFO  - STEP: I am on Pivotal Tracker page. MESSAGE: Going to pivotal tracker page.
2017-01-17 17:55:00 INFO  - STEP: I put a fernando.iquiza@fundacion-jala.org and press Next button. MESSAGE: Inserting username.
2017-01-17 17:55:14 INFO  - STEP: Deleting project by API. MESSAGE: Deleting the project.
2017-01-17 17:55:17 INFO  - STEP: Logout of the account. MESSAGE: Quiting of the account.
2017-01-17 17:55:17 INFO  - SCENARIO: Update name a Task. MESSAGE: starting scenario.
2017-01-17 17:55:17 INFO  - STEP: I am on Pivotal Tracker page. MESSAGE: Going to pivotal tracker page.
2017-01-17 17:55:17 INFO  - STEP: I put a fernando.iquiza@fundacion-jala.org and press Next button. MESSAGE: Inserting username.
2017-01-17 17:55:31 INFO  - STEP: Deleting project by API. MESSAGE: Deleting the project.
2017-01-17 17:55:34 INFO  - STEP: Logout of the account. MESSAGE: Quiting of the account.
2017-01-18 17:28:22 INFO  - SCENARIO: Login blah blah. MESSAGE: starting scenario.
2017-01-18 17:28:22 INFO  - STEP: I am on Pivotal Tracker page. MESSAGE: Going to pivotal tracker page.
2017-01-18 17:28:32 INFO  - STEP: I put a fernando.iquiza@fundacion-jala.org and press Next button. MESSAGE: Inserting username.
2017-01-18 17:28:34 INFO  - STEP: I put a MTat676435019 and press Submit button. MESSAGE: Inserting password and pressing submit button.
2017-01-18 17:29:49 INFO  - SCENARIO: Login blah blah. MESSAGE: starting scenario.
2017-01-18 17:29:50 INFO  - STEP: I am on Pivotal Tracker page. MESSAGE: Going to pivotal tracker page.
2017-01-18 17:29:57 INFO  - STEP: I put a fernando.iquiza@fundacion-jala.org and press Next button. MESSAGE: Inserting username.
2017-01-18 17:29:58 INFO  - STEP: I put a MTat676435019 and press Submit button. MESSAGE: Inserting password and pressing submit button.
2017-01-18 17:55:18 INFO  - SCENARIO: Verify that Dashboard page title is loaded correctly. MESSAGE: starting scenario.
2017-01-18 17:55:18 INFO  - STEP: I am on Pivotal Tracker page. MESSAGE: Going to pivotal tracker page.
2017-01-18 17:55:27 INFO  - STEP: I put a fernando.iquiza@fundacion-jala.org and press Next button. MESSAGE: Inserting username.
2017-01-18 17:55:28 INFO  - STEP: I put a MTat676435019 and press Submit button. MESSAGE: Inserting password and pressing submit button.
2017-01-18 17:58:27 INFO  - SCENARIO: Verify that Dashboard page title is loaded correctly. MESSAGE: starting scenario.
2017-01-18 17:58:27 INFO  - STEP: I am on Pivotal Tracker page. MESSAGE: Going to pivotal tracker page.
2017-01-18 17:58:35 INFO  - STEP: I put a fernando.iquiza@fundacion-jala.org and press Next button. MESSAGE: Inserting username.
2017-01-18 17:58:36 INFO  - STEP: I put a MTat676435019 and press Submit button. MESSAGE: Inserting password and pressing submit button.
2017-01-18 18:00:10 INFO  - SCENARIO: Verify that project button is clickable. MESSAGE: starting scenario.
2017-01-18 18:00:10 INFO  - STEP: I am on Pivotal Tracker page. MESSAGE: Going to pivotal tracker page.
2017-01-18 18:00:17 INFO  - STEP: I put a fernando.iquiza@fundacion-jala.org and press Next button. MESSAGE: Inserting username.
2017-01-18 18:00:19 INFO  - STEP: I put a MTat676435019 and press Submit button. MESSAGE: Inserting password and pressing submit button.
2017-01-18 18:01:51 INFO  - SCENARIO: Verify that project button is clickable. MESSAGE: starting scenario.
2017-01-18 18:01:51 INFO  - STEP: I am on Pivotal Tracker page. MESSAGE: Going to pivotal tracker page.
2017-01-18 18:01:57 INFO  - STEP: I put a fernando.iquiza@fundacion-jala.org and press Next button. MESSAGE: Inserting username.
2017-01-18 18:01:59 INFO  - STEP: I put a MTat676435019 and press Submit button. MESSAGE: Inserting password and pressing submit button.
2017-01-18 18:02:44 INFO  - SCENARIO: Verify that project button is clickable. MESSAGE: starting scenario.
2017-01-18 18:02:44 INFO  - STEP: I am on Pivotal Tracker page. MESSAGE: Going to pivotal tracker page.
2017-01-18 18:02:52 INFO  - STEP: I put a fernando.iquiza@fundacion-jala.org and press Next button. MESSAGE: Inserting username.
2017-01-18 18:02:53 INFO  - STEP: I put a MTat676435019 and press Submit button. MESSAGE: Inserting password and pressing submit button.
2017-01-18 18:05:31 INFO  - SCENARIO: Verify that project button is clickable. MESSAGE: starting scenario.
2017-01-18 18:05:31 INFO  - STEP: I am on Pivotal Tracker page. MESSAGE: Going to pivotal tracker page.
2017-01-18 18:05:38 INFO  - STEP: I put a fernando.iquiza@fundacion-jala.org and press Next button. MESSAGE: Inserting username.
2017-01-18 18:05:40 INFO  - STEP: I put a MTat676435019 and press Submit button. MESSAGE: Inserting password and pressing submit button.
2017-01-18 18:30:49 INFO  - SCENARIO: Verify that project button is clickable. MESSAGE: starting scenario.
2017-01-18 18:30:49 INFO  - STEP: I am on Pivotal Tracker page. MESSAGE: Going to pivotal tracker page.
2017-01-18 18:30:57 INFO  - STEP: I put a fernando.iquiza@fundacion-jala.org and press Next button. MESSAGE: Inserting username.
2017-01-18 18:30:58 INFO  - STEP: I put a MTat676435019 and press Submit button. MESSAGE: Inserting password and pressing submit button.
2017-01-18 18:34:09 INFO  - SCENARIO: Verify that project button is clickable. MESSAGE: starting scenario.
2017-01-18 18:34:09 INFO  - STEP: I am on Pivotal Tracker page. MESSAGE: Going to pivotal tracker page.
2017-01-18 18:34:17 INFO  - STEP: I put a fernando.iquiza@fundacion-jala.org and press Next button. MESSAGE: Inserting username.
2017-01-18 18:34:18 INFO  - STEP: I put a MTat676435019 and press Submit button. MESSAGE: Inserting password and pressing submit button.
2017-01-18 18:35:03 INFO  - SCENARIO: Verify that project button is clickable. MESSAGE: starting scenario.
2017-01-18 18:35:04 INFO  - STEP: I am on Pivotal Tracker page. MESSAGE: Going to pivotal tracker page.
2017-01-18 18:35:10 INFO  - STEP: I put a fernando.iquiza@fundacion-jala.org and press Next button. MESSAGE: Inserting username.
2017-01-18 18:35:11 INFO  - STEP: I put a MTat676435019 and press Submit button. MESSAGE: Inserting password and pressing submit button.
2017-01-18 18:39:00 INFO  - SCENARIO: Verify that project button is clickable. MESSAGE: starting scenario.
2017-01-18 18:39:00 INFO  - STEP: I am on Pivotal Tracker page. MESSAGE: Going to pivotal tracker page.
2017-01-18 18:39:07 INFO  - STEP: I put a fernando.iquiza@fundacion-jala.org and press Next button. MESSAGE: Inserting username.
2017-01-18 18:39:09 INFO  - STEP: I put a MTat676435019 and press Submit button. MESSAGE: Inserting password and pressing submit button.
2017-01-18 18:40:33 INFO  - SCENARIO: Verify that project button is clickable. MESSAGE: starting scenario.
2017-01-18 18:40:34 INFO  - STEP: I am on Pivotal Tracker page. MESSAGE: Going to pivotal tracker page.
2017-01-18 18:40:40 INFO  - STEP: I put a fernando.iquiza@fundacion-jala.org and press Next button. MESSAGE: Inserting username.
2017-01-18 18:40:41 INFO  - STEP: I put a MTat676435019 and press Submit button. MESSAGE: Inserting password and pressing submit button.
2017-01-18 18:41:10 INFO  - SCENARIO: Verify that project button is clickable. MESSAGE: starting scenario.
2017-01-18 18:41:10 INFO  - STEP: I am on Pivotal Tracker page. MESSAGE: Going to pivotal tracker page.
2017-01-18 18:41:17 INFO  - STEP: I put a fernando.iquiza@fundacion-jala.org and press Next button. MESSAGE: Inserting username.
2017-01-18 18:41:18 INFO  - STEP: I put a MTat676435019 and press Submit button. MESSAGE: Inserting password and pressing submit button.
2017-01-18 18:55:02 INFO  - SCENARIO: Verify that workspace button is clickable. MESSAGE: starting scenario.
2017-01-18 18:55:02 INFO  - STEP: I am on Pivotal Tracker page. MESSAGE: Going to pivotal tracker page.
2017-01-18 18:55:09 INFO  - STEP: I put a fernando.iquiza@fundacion-jala.org and press Next button. MESSAGE: Inserting username.
2017-01-18 18:55:10 INFO  - STEP: I put a MTat676435019 and press Submit button. MESSAGE: Inserting password and pressing submit button.
2017-01-18 18:55:13 INFO  - SCENARIO: Verify that project button is clickable. MESSAGE: starting scenario.
2017-01-18 18:55:13 INFO  - STEP: I am on Pivotal Tracker page. MESSAGE: Going to pivotal tracker page.
2017-01-18 18:55:13 INFO  - STEP: I put a fernando.iquiza@fundacion-jala.org and press Next button. MESSAGE: Inserting username.
2017-01-18 18:57:01 INFO  - SCENARIO: Verify that workspace button is clickable. MESSAGE: starting scenario.
2017-01-18 18:57:01 INFO  - STEP: I am on Pivotal Tracker page. MESSAGE: Going to pivotal tracker page.
2017-01-18 18:57:07 INFO  - STEP: I put a fernando.iquiza@fundacion-jala.org and press Next button. MESSAGE: Inserting username.
2017-01-18 18:57:08 INFO  - STEP: I put a MTat676435019 and press Submit button. MESSAGE: Inserting password and pressing submit button.
2017-01-18 18:57:11 INFO  - STEP: Deleting project by API. MESSAGE: Deleting the project.
2017-01-18 18:57:17 INFO  - STEP: Logout of the account. MESSAGE: Quiting of the account.
2017-01-18 18:57:22 INFO  - STEP: Go to the login page. MESSAGE: Going to the login page.
2017-01-18 18:57:23 INFO  - SCENARIO: Verify that project button is clickable. MESSAGE: starting scenario.
2017-01-18 18:57:23 INFO  - STEP: I am on Pivotal Tracker page. MESSAGE: Going to pivotal tracker page.
2017-01-18 18:57:23 INFO  - STEP: I put a fernando.iquiza@fundacion-jala.org and press Next button. MESSAGE: Inserting username.
2017-01-18 18:57:24 INFO  - STEP: I put a MTat676435019 and press Submit button. MESSAGE: Inserting password and pressing submit button.
2017-01-18 18:57:25 INFO  - STEP: Deleting project by API. MESSAGE: Deleting the project.
2017-01-18 18:57:28 INFO  - STEP: Logout of the account. MESSAGE: Quiting of the account.
2017-01-18 18:57:33 INFO  - STEP: Go to the login page. MESSAGE: Going to the login page.
2017-01-18 19:00:05 INFO  - SCENARIO: Verify that workspace button is clickable. MESSAGE: starting scenario.
2017-01-18 19:00:05 INFO  - STEP: I am on Pivotal Tracker page. MESSAGE: Going to pivotal tracker page.
2017-01-18 19:00:12 INFO  - STEP: I put a fernando.iquiza@fundacion-jala.org and press Next button. MESSAGE: Inserting username.
2017-01-18 19:00:13 INFO  - STEP: I put a MTat676435019 and press Submit button. MESSAGE: Inserting password and pressing submit button.
2017-01-18 19:00:17 INFO  - STEP: Deleting project by API. MESSAGE: Deleting the project.
2017-01-18 19:00:17 INFO  - STEP: Logout of the account. MESSAGE: Quiting of the account.
2017-01-18 19:00:23 INFO  - STEP: Go to the login page. MESSAGE: Going to the login page.
2017-01-18 19:00:24 INFO  - SCENARIO: Verify that project button is clickable. MESSAGE: starting scenario.
2017-01-18 19:00:24 INFO  - STEP: I am on Pivotal Tracker page. MESSAGE: Going to pivotal tracker page.
2017-01-18 19:00:24 INFO  - STEP: I put a fernando.iquiza@fundacion-jala.org and press Next button. MESSAGE: Inserting username.
2017-01-18 19:00:24 INFO  - STEP: I put a MTat676435019 and press Submit button. MESSAGE: Inserting password and pressing submit button.
2017-01-18 19:00:26 INFO  - STEP: Deleting project by API. MESSAGE: Deleting the project.
2017-01-18 19:00:26 INFO  - STEP: Logout of the account. MESSAGE: Quiting of the account.
2017-01-18 19:00:31 INFO  - STEP: Go to the login page. MESSAGE: Going to the login page.
2017-01-18 19:02:23 INFO  - SCENARIO: Verify that workspace button is clickable. MESSAGE: starting scenario.
2017-01-18 19:02:23 INFO  - STEP: I am on Pivotal Tracker page. MESSAGE: Going to pivotal tracker page.
2017-01-18 19:02:30 INFO  - STEP: I put a fernando.iquiza@fundacion-jala.org and press Next button. MESSAGE: Inserting username.
2017-01-18 19:02:32 INFO  - STEP: I put a MTat676435019 and press Submit button. MESSAGE: Inserting password and pressing submit button.
2017-01-18 19:02:35 INFO  - STEP: Deleting project by API. MESSAGE: Deleting the project.
2017-01-18 19:02:35 INFO  - STEP: Logout of the account. MESSAGE: Quiting of the account.
2017-01-18 19:02:40 INFO  - STEP: Go to the login page. MESSAGE: Going to the login page.
2017-01-18 19:03:31 INFO  - SCENARIO: Verify that workspace button is clickable. MESSAGE: starting scenario.
2017-01-18 19:03:31 INFO  - STEP: I am on Pivotal Tracker page. MESSAGE: Going to pivotal tracker page.
2017-01-18 19:03:38 INFO  - STEP: I put a fernando.iquiza@fundacion-jala.org and press Next button. MESSAGE: Inserting username.
2017-01-18 19:03:40 INFO  - STEP: I put a MTat676435019 and press Submit button. MESSAGE: Inserting password and pressing submit button.
2017-01-18 19:06:06 INFO  - SCENARIO: Verify that workspace button is clickable. MESSAGE: starting scenario.
2017-01-18 19:06:06 INFO  - STEP: I am on Pivotal Tracker page. MESSAGE: Going to pivotal tracker page.
2017-01-18 19:06:12 INFO  - STEP: I put a fernando.iquiza@fundacion-jala.org and press Next button. MESSAGE: Inserting username.
2017-01-18 19:06:13 INFO  - STEP: I put a MTat676435019 and press Submit button. MESSAGE: Inserting password and pressing submit button.
2017-01-18 19:10:26 INFO  - SCENARIO: Verify that workspace button is clickable. MESSAGE: starting scenario.
2017-01-18 19:10:26 INFO  - STEP: I am on Pivotal Tracker page. MESSAGE: Going to pivotal tracker page.
2017-01-18 19:10:33 INFO  - STEP: I put a fernando.iquiza@fundacion-jala.org and press Next button. MESSAGE: Inserting username.
2017-01-18 19:10:35 INFO  - STEP: I put a MTat676435019 and press Submit button. MESSAGE: Inserting password and pressing submit button.
2017-01-18 19:14:20 INFO  - SCENARIO: Verify that workspace button is clickable. MESSAGE: starting scenario.
2017-01-18 19:14:20 INFO  - STEP: I am on Pivotal Tracker page. MESSAGE: Going to pivotal tracker page.
2017-01-18 19:14:26 INFO  - STEP: I put a fernando.iquiza@fundacion-jala.org and press Next button. MESSAGE: Inserting username.
2017-01-18 19:14:28 INFO  - STEP: I put a MTat676435019 and press Submit button. MESSAGE: Inserting password and pressing submit button.
2017-01-18 19:15:33 INFO  - SCENARIO: Verify that workspace button is clickable. MESSAGE: starting scenario.
2017-01-18 19:15:33 INFO  - STEP: I am on Pivotal Tracker page. MESSAGE: Going to pivotal tracker page.
2017-01-18 19:15:40 INFO  - STEP: I put a fernando.iquiza@fundacion-jala.org and press Next button. MESSAGE: Inserting username.
2017-01-18 19:15:41 INFO  - STEP: I put a MTat676435019 and press Submit button. MESSAGE: Inserting password and pressing submit button.
2017-01-18 19:17:22 INFO  - SCENARIO: Verify that workspace button is clickable. MESSAGE: starting scenario.
2017-01-18 19:17:22 INFO  - STEP: I am on Pivotal Tracker page. MESSAGE: Going to pivotal tracker page.
2017-01-18 19:17:28 INFO  - STEP: I put a fernando.iquiza@fundacion-jala.org and press Next button. MESSAGE: Inserting username.
2017-01-18 19:17:29 INFO  - STEP: I put a MTat676435019 and press Submit button. MESSAGE: Inserting password and pressing submit button.
2017-01-18 19:18:36 INFO  - SCENARIO: Verify that workspace button is clickable. MESSAGE: starting scenario.
2017-01-18 19:18:37 INFO  - STEP: I am on Pivotal Tracker page. MESSAGE: Going to pivotal tracker page.
2017-01-18 19:18:43 INFO  - STEP: I put a fernando.iquiza@fundacion-jala.org and press Next button. MESSAGE: Inserting username.
2017-01-18 19:18:44 INFO  - STEP: I put a MTat676435019 and press Submit button. MESSAGE: Inserting password and pressing submit button.
2017-01-18 19:21:49 INFO  - SCENARIO: Verify that workspace button is clickable. MESSAGE: starting scenario.
2017-01-18 19:21:49 INFO  - STEP: I am on Pivotal Tracker page. MESSAGE: Going to pivotal tracker page.
2017-01-18 19:21:56 INFO  - STEP: I put a fernando.iquiza@fundacion-jala.org and press Next button. MESSAGE: Inserting username.
2017-01-18 19:21:58 INFO  - STEP: I put a MTat676435019 and press Submit button. MESSAGE: Inserting password and pressing submit button.
2017-01-18 19:23:18 INFO  - SCENARIO: Verify that workspace button is clickable. MESSAGE: starting scenario.
2017-01-18 19:23:19 INFO  - STEP: I am on Pivotal Tracker page. MESSAGE: Going to pivotal tracker page.
2017-01-18 19:23:25 INFO  - STEP: I put a fernando.iquiza@fundacion-jala.org and press Next button. MESSAGE: Inserting username.
2017-01-18 19:23:27 INFO  - STEP: I put a MTat676435019 and press Submit button. MESSAGE: Inserting password and pressing submit button.
2017-01-18 19:24:55 INFO  - SCENARIO: Verify that workspace button is clickable. MESSAGE: starting scenario.
2017-01-18 19:24:55 INFO  - STEP: I am on Pivotal Tracker page. MESSAGE: Going to pivotal tracker page.
2017-01-18 19:25:05 INFO  - STEP: I put a fernando.iquiza@fundacion-jala.org and press Next button. MESSAGE: Inserting username.
2017-01-18 19:25:07 INFO  - STEP: I put a MTat676435019 and press Submit button. MESSAGE: Inserting password and pressing submit button.
2017-01-18 19:32:04 INFO  - SCENARIO: Verify that workspace button is clickable. MESSAGE: starting scenario.
2017-01-18 19:32:04 INFO  - STEP: I am on Pivotal Tracker page. MESSAGE: Going to pivotal tracker page.
2017-01-18 19:32:13 INFO  - STEP: I put a fernando.iquiza@fundacion-jala.org and press Next button. MESSAGE: Inserting username.
2017-01-18 19:32:14 INFO  - STEP: I put a MTat676435019 and press Submit button. MESSAGE: Inserting password and pressing submit button.
2017-01-18 19:33:21 INFO  - SCENARIO: Verify that workspace button is clickable. MESSAGE: starting scenario.
2017-01-18 19:33:21 INFO  - STEP: I am on Pivotal Tracker page. MESSAGE: Going to pivotal tracker page.
2017-01-18 19:33:28 INFO  - STEP: I put a fernando.iquiza@fundacion-jala.org and press Next button. MESSAGE: Inserting username.
2017-01-18 19:33:29 INFO  - STEP: I put a MTat676435019 and press Submit button. MESSAGE: Inserting password and pressing submit button.
2017-01-18 19:41:01 INFO  - SCENARIO: Verify that workspace button is clickable. MESSAGE: starting scenario.
2017-01-18 19:41:01 INFO  - STEP: I am on Pivotal Tracker page. MESSAGE: Going to pivotal tracker page.
2017-01-18 19:41:08 INFO  - STEP: I put a fernando.iquiza@fundacion-jala.org and press Next button. MESSAGE: Inserting username.
2017-01-18 19:41:09 INFO  - STEP: I put a MTat676435019 and press Submit button. MESSAGE: Inserting password and pressing submit button.
2017-01-18 19:41:27 INFO  - SCENARIO: Verify that project button is clickable. MESSAGE: starting scenario.
2017-01-18 19:41:27 INFO  - STEP: I am on Pivotal Tracker page. MESSAGE: Going to pivotal tracker page.
2017-01-18 19:41:27 INFO  - STEP: I put a fernando.iquiza@fundacion-jala.org and press Next button. MESSAGE: Inserting username.
2017-01-18 19:43:55 INFO  - SCENARIO: Verify that workspace button is clickable. MESSAGE: starting scenario.
2017-01-18 19:43:56 INFO  - STEP: I am on Pivotal Tracker page. MESSAGE: Going to pivotal tracker page.
2017-01-18 19:44:02 INFO  - STEP: I put a fernando.iquiza@fundacion-jala.org and press Next button. MESSAGE: Inserting username.
2017-01-18 19:44:04 INFO  - STEP: I put a MTat676435019 and press Submit button. MESSAGE: Inserting password and pressing submit button.
2017-01-18 19:44:21 INFO  - STEP: Logout of the account. MESSAGE: Quiting of the account.
2017-01-18 19:44:26 INFO  - STEP: Go to the login page. MESSAGE: Going to the login page.
2017-01-18 19:44:27 INFO  - SCENARIO: Verify that project button is clickable. MESSAGE: starting scenario.
2017-01-18 19:44:27 INFO  - STEP: I am on Pivotal Tracker page. MESSAGE: Going to pivotal tracker page.
2017-01-18 19:44:27 INFO  - STEP: I put a fernando.iquiza@fundacion-jala.org and press Next button. MESSAGE: Inserting username.
2017-01-18 19:44:28 INFO  - STEP: I put a MTat676435019 and press Submit button. MESSAGE: Inserting password and pressing submit button.
2017-01-18 19:44:44 INFO  - STEP: Logout of the account. MESSAGE: Quiting of the account.
2017-01-18 19:44:49 INFO  - STEP: Go to the login page. MESSAGE: Going to the login page.
2017-01-19 04:56:56 INFO  - SCENARIO: Verify that workspace button is clickable. MESSAGE: starting scenario.
2017-01-19 04:56:56 INFO  - STEP: I am on Pivotal Tracker page. MESSAGE: Going to pivotal tracker page.
2017-01-19 04:57:06 INFO  - STEP: I put a fernando.iquiza@fundacion-jala.org and press Next button. MESSAGE: Inserting username.
2017-01-19 04:57:06 INFO  - STEP: I put a MTat676435019 and press Submit button. MESSAGE: Inserting password and pressing submit button.
2017-01-19 04:57:26 INFO  - STEP: Logout of the account. MESSAGE: Quiting of the account.
2017-01-19 04:57:31 INFO  - STEP: Go to the login page. MESSAGE: Going to the login page.
2017-01-19 04:57:32 INFO  - SCENARIO: Verify that project button is clickable. MESSAGE: starting scenario.
2017-01-19 04:57:32 INFO  - STEP: I am on Pivotal Tracker page. MESSAGE: Going to pivotal tracker page.
2017-01-19 04:57:32 INFO  - STEP: I put a fernando.iquiza@fundacion-jala.org and press Next button. MESSAGE: Inserting username.
2017-01-19 04:57:32 INFO  - STEP: I put a MTat676435019 and press Submit button. MESSAGE: Inserting password and pressing submit button.
2017-01-19 04:57:49 INFO  - STEP: Logout of the account. MESSAGE: Quiting of the account.
2017-01-19 04:57:54 INFO  - STEP: Go to the login page. MESSAGE: Going to the login page.
2017-01-19 06:12:19 INFO  - SCENARIO: Verify that workspace button is clickable. MESSAGE: starting scenario.
2017-01-19 06:12:19 INFO  - STEP: I am on Pivotal Tracker page. MESSAGE: Going to pivotal tracker page.
2017-01-19 06:12:30 INFO  - STEP: I put a fernando.iquiza@fundacion-jala.org and press Next button. MESSAGE: Inserting username.
2017-01-19 06:12:30 INFO  - STEP: I put a MTat676435019 and press Submit button. MESSAGE: Inserting password and pressing submit button.
2017-01-19 06:12:53 INFO  - STEP: Logout of the account. MESSAGE: Quiting of the account.
2017-01-19 06:12:58 INFO  - STEP: Go to the login page. MESSAGE: Going to the login page.
2017-01-19 06:13:00 INFO  - SCENARIO: Verify that project button is clickable. MESSAGE: starting scenario.
2017-01-19 06:13:00 INFO  - STEP: I am on Pivotal Tracker page. MESSAGE: Going to pivotal tracker page.
2017-01-19 06:13:00 INFO  - STEP: I put a fernando.iquiza@fundacion-jala.org and press Next button. MESSAGE: Inserting username.
2017-01-19 06:13:00 INFO  - STEP: I put a MTat676435019 and press Submit button. MESSAGE: Inserting password and pressing submit button.
2017-01-19 06:13:06 INFO  - STEP: Logout of the account. MESSAGE: Quiting of the account.
2017-01-19 06:13:11 INFO  - STEP: Go to the login page. MESSAGE: Going to the login page.
